2025-06-02 14:33:47 Line: 280, C:\Users\Kamil\Desktop\Nowy folder\htdocs\src\apisubiektgt\subiektgt\order.php: <b>Source:</b> Unknown<br/><b>Description:</b> Unknown
2025-06-02 14:33:47 Line: 280, C:\Users\Kamil\Desktop\Nowy folder\htdocs\src\apisubiektgt\subiektgt\order.php: <b>Source:</b> Unknown<br/><b>Description:</b> Unknown
2025-06-02 14:33:48 Line: 317, C:\Users\Kamil\Desktop\Nowy folder\htdocs\src\apisubiektgt\subiektgt\order.php: <b>Source:</b> Subiekt.PA.1<br/><b>Description:</b> Brak towaru w magazynie.
2025-06-02 14:35:32 Line: 280, C:\Users\Kamil\Desktop\Nowy folder\htdocs\src\apisubiektgt\subiektgt\order.php: <b>Source:</b> Unknown<br/><b>Description:</b> Unknown
2025-06-02 14:35:32 Line: 280, C:\Users\Kamil\Desktop\Nowy folder\htdocs\src\apisubiektgt\subiektgt\order.php: <b>Source:</b> Unknown<br/><b>Description:</b> Unknown
2025-06-02 14:35:33 Line: 317, C:\Users\Kamil\Desktop\Nowy folder\htdocs\src\apisubiektgt\subiektgt\order.php: <b>Source:</b> Subiekt.PA.1<br/><b>Description:</b> Brak towaru w magazynie.
2025-06-02 14:36:07 Line: 280, C:\Users\Kamil\Desktop\Nowy folder\htdocs\src\apisubiektgt\subiektgt\order.php: <b>Source:</b> Unknown<br/><b>Description:</b> Unknown
2025-06-02 14:36:07 Line: 280, C:\Users\Kamil\Desktop\Nowy folder\htdocs\src\apisubiektgt\subiektgt\order.php: <b>Source:</b> Unknown<br/><b>Description:</b> Unknown
2025-06-02 14:36:07 Line: 317, C:\Users\Kamil\Desktop\Nowy folder\htdocs\src\apisubiektgt\subiektgt\order.php: <b>Source:</b> Subiekt.PA.1<br/><b>Description:</b> Brak towaru w magazynie.
2025-06-02 14:39:34 Line: 280, C:\Users\Kamil\Desktop\Nowy folder\htdocs\src\apisubiektgt\subiektgt\order.php: <b>Source:</b> Unknown<br/><b>Description:</b> Unknown
2025-06-02 14:39:35 Line: 280, C:\Users\Kamil\Desktop\Nowy folder\htdocs\src\apisubiektgt\subiektgt\order.php: <b>Source:</b> Unknown<br/><b>Description:</b> Unknown
2025-06-02 14:39:35 Line: 317, C:\Users\Kamil\Desktop\Nowy folder\htdocs\src\apisubiektgt\subiektgt\order.php: <b>Source:</b> Subiekt.PA.1<br/><b>Description:</b> Brak towaru w magazynie.
2025-06-02 14:40:51 Line: 280, C:\Users\Kamil\Desktop\Nowy folder\htdocs\src\apisubiektgt\subiektgt\order.php: <b>Source:</b> Unknown<br/><b>Description:</b> Unknown
2025-06-02 14:40:51 Line: 280, C:\Users\Kamil\Desktop\Nowy folder\htdocs\src\apisubiektgt\subiektgt\order.php: <b>Source:</b> Unknown<br/><b>Description:</b> Unknown
2025-06-02 14:40:51 Line: 317, C:\Users\Kamil\Desktop\Nowy folder\htdocs\src\apisubiektgt\subiektgt\order.php: <b>Source:</b> Subiekt.PA.1<br/><b>Description:</b> Brak towaru w magazynie.
2025-06-02 14:43:28 Line: 280, C:\Users\Kamil\Desktop\Nowy folder\htdocs\src\apisubiektgt\subiektgt\order.php: <b>Source:</b> Unknown<br/><b>Description:</b> Unknown
2025-06-02 14:43:28 Line: 280, C:\Users\Kamil\Desktop\Nowy folder\htdocs\src\apisubiektgt\subiektgt\order.php: <b>Source:</b> Unknown<br/><b>Description:</b> Unknown
2025-06-02 14:43:33 Line: 317, C:\Users\Kamil\Desktop\Nowy folder\htdocs\src\apisubiektgt\subiektgt\order.php: <b>Source:</b> Subiekt.PA.1<br/><b>Description:</b> Brak towaru w magazynie.
2025-06-02 14:43:33 Line: 317, C:\Users\Kamil\Desktop\Nowy folder\htdocs\src\apisubiektgt\subiektgt\order.php: <b>Source:</b> Subiekt.PA.1<br/><b>Description:</b> Brak towaru w magazynie.
2025-06-02 14:43:33 Line: 280, C:\Users\Kamil\Desktop\Nowy folder\htdocs\src\apisubiektgt\subiektgt\order.php: <b>Source:</b> Unknown<br/><b>Description:</b> Unknown
2025-06-02 14:43:33 Line: 280, C:\Users\Kamil\Desktop\Nowy folder\htdocs\src\apisubiektgt\subiektgt\order.php: <b>Source:</b> Unknown<br/><b>Description:</b> Unknown
2025-06-02 14:45:58 Line: 280, C:\Users\Kamil\Desktop\Nowy folder\htdocs\src\apisubiektgt\subiektgt\order.php: <b>Source:</b> Unknown<br/><b>Description:</b> Unknown
2025-06-02 14:45:58 Line: 280, C:\Users\Kamil\Desktop\Nowy folder\htdocs\src\apisubiektgt\subiektgt\order.php: <b>Source:</b> Unknown<br/><b>Description:</b> Unknown
2025-06-02 14:46:07 Line: 280, C:\Users\Kamil\Desktop\Nowy folder\htdocs\src\apisubiektgt\subiektgt\order.php: <b>Source:</b> Unknown<br/><b>Description:</b> Unknown
2025-06-02 14:46:12 Line: 280, C:\Users\Kamil\Desktop\Nowy folder\htdocs\src\apisubiektgt\subiektgt\order.php: <b>Source:</b> Unknown<br/><b>Description:</b> Unknown
2025-06-02 14:46:28 Line: 280, C:\Users\Kamil\Desktop\Nowy folder\htdocs\src\apisubiektgt\subiektgt\order.php: <b>Source:</b> Unknown<br/><b>Description:</b> Unknown
2025-06-02 14:54:23 Line: 280, C:\Users\Kamil\Desktop\Nowy folder\htdocs\src\apisubiektgt\subiektgt\order.php: <b>Source:</b> Unknown<br/><b>Description:</b> Unknown
2025-06-02 14:56:55 Line: 280, C:\Users\Kamil\Desktop\Nowy folder\htdocs\src\apisubiektgt\subiektgt\order.php: <b>Source:</b> Unknown<br/><b>Description:</b> Unknown
2025-06-02 15:15:56 Line: 280, C:\Users\Kamil\Desktop\Nowy folder\htdocs\src\apisubiektgt\subiektgt\order.php: <b>Source:</b> Unknown<br/><b>Description:</b> Unknown
2025-06-02 15:16:01 Line: 280, C:\Users\Kamil\Desktop\Nowy folder\htdocs\src\apisubiektgt\subiektgt\order.php: <b>Source:</b> Unknown<br/><b>Description:</b> Unknown
2025-06-02 15:16:04 Line: 317, C:\Users\Kamil\Desktop\Nowy folder\htdocs\src\apisubiektgt\subiektgt\order.php: <b>Source:</b> Subiekt.PA.1<br/><b>Description:</b> Brak towaru w magazynie.
2025-06-02 15:21:17 Line: 317, C:\Users\Kamil\Desktop\Nowy folder\htdocs\src\apisubiektgt\subiektgt\order.php: <b>Source:</b> Subiekt.PA.1<br/><b>Description:</b> Brak towaru w magazynie.
2025-06-02 15:21:43 Line: 280, C:\Users\Kamil\Desktop\Nowy folder\htdocs\src\apisubiektgt\subiektgt\order.php: <b>Source:</b> Unknown<br/><b>Description:</b> Unknown
2025-06-02 15:21:45 Line: 317, C:\Users\Kamil\Desktop\Nowy folder\htdocs\src\apisubiektgt\subiektgt\order.php: <b>Source:</b> Subiekt.PA.1<br/><b>Description:</b> Brak towaru w magazynie.
2025-06-02 15:21:48 Line: 317, C:\Users\Kamil\Desktop\Nowy folder\htdocs\src\apisubiektgt\subiektgt\order.php: <b>Source:</b> Subiekt.PA.1<br/><b>Description:</b> Brak towaru w magazynie.
2025-06-02 15:21:50 Line: 317, C:\Users\Kamil\Desktop\Nowy folder\htdocs\src\apisubiektgt\subiektgt\order.php: <b>Source:</b> Subiekt.PA.1<br/><b>Description:</b> Brak towaru w magazynie.
2025-06-02 15:22:21 Line: 317, C:\Users\Kamil\Desktop\Nowy folder\htdocs\src\apisubiektgt\subiektgt\order.php: <b>Source:</b> Subiekt.PA.1<br/><b>Description:</b> Brak towaru w magazynie.
2025-06-02 15:46:25 Line: 197, C:\Users\Kamil\Desktop\Nowy folder\htdocs\src\apisubiektgt\subiektgt\order.php: Unable to lookup `': Nieznana nazwa
2025-06-02 15:47:37 Line: 197, C:\Users\Kamil\Desktop\Nowy folder\htdocs\src\apisubiektgt\subiektgt\order.php: Unable to lookup `': Nieznana nazwa
2025-06-02 15:58:46 Line: 275, C:\Users\Kamil\Desktop\Nowy folder\htdocs\src\apisubiektgt\subiektgt\order.php: <b>Source:</b> Unknown<br/><b>Description:</b> Unknown
2025-06-02 15:58:46 Line: 275, C:\Users\Kamil\Desktop\Nowy folder\htdocs\src\apisubiektgt\subiektgt\order.php: <b>Source:</b> Unknown<br/><b>Description:</b> Unknown
2025-06-02 15:58:48 Line: 275, C:\Users\Kamil\Desktop\Nowy folder\htdocs\src\apisubiektgt\subiektgt\order.php: <b>Source:</b> Unknown<br/><b>Description:</b> Unknown
2025-06-02 15:58:48 Line: 275, C:\Users\Kamil\Desktop\Nowy folder\htdocs\src\apisubiektgt\subiektgt\order.php: <b>Source:</b> Unknown<br/><b>Description:</b> Unknown
2025-06-02 16:15:07 Line: 275, C:\Users\Kamil\Desktop\Nowy folder\htdocs\src\apisubiektgt\subiektgt\order.php: <b>Source:</b> Unknown<br/><b>Description:</b> Unknown
2025-06-02 16:19:44 Line: 275, C:\Users\Kamil\Desktop\Nowy folder\htdocs\src\apisubiektgt\subiektgt\order.php: <b>Source:</b> Unknown<br/><b>Description:</b> Unknown
2025-06-02 16:19:48 Line: 275, C:\Users\Kamil\Desktop\Nowy folder\htdocs\src\apisubiektgt\subiektgt\order.php: <b>Source:</b> Unknown<br/><b>Description:</b> Unknown
2025-06-02 16:19:50 Line: 275, C:\Users\Kamil\Desktop\Nowy folder\htdocs\src\apisubiektgt\subiektgt\order.php: <b>Source:</b> Unknown<br/><b>Description:</b> Unknown
2025-06-02 16:20:00 Line: 275, C:\Users\Kamil\Desktop\Nowy folder\htdocs\src\apisubiektgt\subiektgt\order.php: <b>Source:</b> Unknown<br/><b>Description:</b> Unknown
2025-06-02 16:20:02 Line: 275, C:\Users\Kamil\Desktop\Nowy folder\htdocs\src\apisubiektgt\subiektgt\order.php: <b>Source:</b> Unknown<br/><b>Description:</b> Unknown
2025-06-02 16:20:04 Line: 275, C:\Users\Kamil\Desktop\Nowy folder\htdocs\src\apisubiektgt\subiektgt\order.php: <b>Source:</b> Unknown<br/><b>Description:</b> Unknown
2025-06-02 16:24:39 Line: 275, C:\Users\Kamil\Desktop\Nowy folder\htdocs\src\apisubiektgt\subiektgt\order.php: <b>Source:</b> Unknown<br/><b>Description:</b> Unknown
2025-06-02 16:26:26 Line: 275, C:\Users\Kamil\Desktop\Nowy folder\htdocs\src\apisubiektgt\subiektgt\order.php: <b>Source:</b> Unknown<br/><b>Description:</b> Unknown
2025-06-02 18:06:55 Line: 306, C:\Users\Kamil\Desktop\Nowy folder\htdocs\src\apisubiektgt\subiektgt\order.php: <b>Source:</b> Unknown<br/><b>Description:</b> Unknown
2025-06-02 18:08:20 Line: 306, C:\Users\Kamil\Desktop\Nowy folder\htdocs\src\apisubiektgt\subiektgt\order.php: <b>Source:</b> Unknown<br/><b>Description:</b> Unknown
2025-06-02 18:11:14 Line: 306, C:\Users\Kamil\Desktop\Nowy folder\htdocs\src\apisubiektgt\subiektgt\order.php: <b>Source:</b> Unknown<br/><b>Description:</b> Unknown
2025-06-02 18:14:00 Line: 306, C:\Users\Kamil\Desktop\Nowy folder\htdocs\src\apisubiektgt\subiektgt\order.php: <b>Source:</b> Unknown<br/><b>Description:</b> Unknown
2025-06-02 18:15:17 Line: 306, C:\Users\Kamil\Desktop\Nowy folder\htdocs\src\apisubiektgt\subiektgt\order.php: <b>Source:</b> Unknown<br/><b>Description:</b> Unknown
2025-06-02 18:17:38 Line: 306, C:\Users\Kamil\Desktop\Nowy folder\htdocs\src\apisubiektgt\subiektgt\order.php: <b>Source:</b> Unknown<br/><b>Description:</b> Unknown
2025-06-02 18:22:28 Line: 306, C:\Users\Kamil\Desktop\Nowy folder\htdocs\src\apisubiektgt\subiektgt\order.php: Error [0x8002000e] Nieprawid³owa liczba parametrów
2025-06-02 18:27:40 Line: 332, C:\Users\Kamil\Desktop\Nowy folder\htdocs\src\apisubiektgt\subiektgt\order.php: <b>Source:</b> Subiekt.FS.1<br/><b>Description:</b> Brak towaru w magazynie.
2025-06-02 18:28:36 Line: 332, C:\Users\Kamil\Desktop\Nowy folder\htdocs\src\apisubiektgt\subiektgt\order.php: <b>Source:</b> Subiekt.FS.1<br/><b>Description:</b> Brak towaru w magazynie.
2025-06-02 18:31:04 Line: 333, C:\Users\Kamil\Desktop\Nowy folder\htdocs\src\apisubiektgt\subiektgt\order.php: <b>Source:</b> Subiekt.FS.1<br/><b>Description:</b> Brak towaru w magazynie.
2025-06-02 18:37:48 Line: 306, C:\Users\Kamil\Desktop\Nowy folder\htdocs\src\apisubiektgt\subiektgt\order.php: safearray has no properties
2025-06-02 18:44:07 Line: 326, C:\Users\Kamil\Desktop\Nowy folder\htdocs\src\apisubiektgt\subiektgt\order.php: <b>Source:</b> Subiekt.FS.1<br/><b>Description:</b> Brak towaru w magazynie.
2025-06-02 18:44:44 Line: 326, C:\Users\Kamil\Desktop\Nowy folder\htdocs\src\apisubiektgt\subiektgt\order.php: <b>Source:</b> Subiekt.FS.1<br/><b>Description:</b> Brak towaru w magazynie.
2025-06-02 19:20:43 Line: 306, C:\Users\Kamil\Desktop\Nowy folder\htdocs\src\apisubiektgt\subiektgt\order.php: Error [0x8002000e] Nieprawid³owa liczba parametrów
2025-06-02 19:22:47 Line: 306, C:\Users\Kamil\Desktop\Nowy folder\htdocs\src\apisubiektgt\subiektgt\order.php: <b>Source:</b> Unknown<br/><b>Description:</b> Unknown
2025-06-02 19:59:24 Line: 58, C:\Users\Kamil\Desktop\Nowy folder\htdocs\public\api\index.php: Nie podano klucza API=>api_key
2025-06-02 20:00:45 Line: 52, C:\Users\Kamil\Desktop\Nowy folder\htdocs\public\api\index.php: Nieprawid³owe wywo³anie API. Brak metody: doesExistOrderByExternalId1
2025-06-02 20:50:22 Line: 294, C:\Users\Kamil\Desktop\Nowy folder\htdocs\src\apisubiektgt\subiektgt\order.php: <b>Source:</b> Unknown<br/><b>Description:</b> Unknown
2025-06-02 21:03:15 Line: 294, C:\Users\Kamil\Desktop\Nowy folder\htdocs\src\apisubiektgt\subiektgt\order.php: <b>Source:</b> Unknown<br/><b>Description:</b> Unknown
2025-06-02 21:03:23 Line: 294, C:\Users\Kamil\Desktop\Nowy folder\htdocs\src\apisubiektgt\subiektgt\order.php: <b>Source:</b> Unknown<br/><b>Description:</b> Unknown
2025-06-02 21:03:33 Line: 294, C:\Users\Kamil\Desktop\Nowy folder\htdocs\src\apisubiektgt\subiektgt\order.php: <b>Source:</b> Unknown<br/><b>Description:</b> Unknown
