2025-06-01 14:43:42 Line: 11, : Request start: ::1
2025-06-01 14:43:45 Line: 11, : Request start: ::1
2025-06-01 14:44:13 Line: 11, : Request start: ::1
2025-06-01 14:45:26 Line: 11, : Request start: ::1
2025-06-01 14:45:38 Line: 11, : Request start: ::1
2025-06-01 14:47:37 Line: 11, : Request start: ::1
2025-06-01 14:48:02 Line: 11, : Request start: ::1
2025-06-01 14:49:15 Line: 11, : Request start: ::1
2025-06-01 14:49:40 Line: 11, : Request start: ::1
2025-06-01 14:49:56 Line: 11, : Request start: ::1
2025-06-01 14:52:38 Line: 11, : Request start: ::1
2025-06-01 14:54:46 Line: 11, : Request start: ::1
2025-06-01 14:56:48 Line: 11, : Request start: ::1
2025-06-01 14:56:52 Line: 11, : Request start: ::1
2025-06-01 14:57:07 Line: 11, : Request start: ::1
2025-06-01 14:57:08 Line: 11, : Request start: ::1
2025-06-01 14:57:19 Line: 11, : Request start: ::1
2025-06-01 14:57:34 Line: 11, : Request start: ::1
2025-06-01 14:57:59 Line: 11, : Request start: ::1
2025-06-01 14:59:08 Line: 11, : Request start: ::1
2025-06-01 14:59:13 Line: 11, : Request start: ::1
2025-06-01 14:59:21 Line: 11, : Request start: ::1
2025-06-01 15:00:32 Line: 11, : Request start: ::1
2025-06-01 15:03:45 Line: 11, : Request start: ::1
2025-06-01 15:05:02 Line: 11, : Request start: ::1
2025-06-01 15:05:03 Line: 11, : Request start: ::1
2025-06-01 15:05:11 Line: 11, : Request start: ::1
2025-06-01 15:05:52 Line: 11, : Request start: ::1
2025-06-01 15:06:42 Line: 11, : Request start: ::1
2025-06-01 15:06:52 Line: 11, : Request start: ::1
2025-06-01 15:06:52 Line: 11, : Request start: ::1
2025-06-01 15:07:00 Line: 11, : Request start: ::1
2025-06-01 15:07:01 Line: 11, : Request start: ::1
2025-06-01 15:08:06 Line: 11, : Request start: ::1
2025-06-01 15:08:33 Line: 11, : Request start: ::1
2025-06-01 15:08:42 Line: 11, : Request start: ::1
2025-06-01 15:09:05 Line: 11, : Request start: ::1
2025-06-01 15:09:08 Line: 11, : Request start: ::1
2025-06-01 15:10:00 Line: 11, : Request start: ::1
2025-06-01 15:16:52 Line: 11, : Request start: ::1
2025-06-01 15:17:02 Line: 11, : Request start: ::1
2025-06-01 15:17:20 Line: 11, : Request start: ::1
2025-06-01 15:17:32 Line: 11, : Request start: ::1
2025-06-01 15:17:49 Line: 11, : Request start: ::1
2025-06-01 15:18:07 Line: 11, : Request start: ::1
2025-06-01 15:18:17 Line: 11, : Request start: ::1
2025-06-01 15:18:20 Line: 11, : Request start: ::1
2025-06-01 15:18:21 Line: 11, : Request start: ::1
2025-06-01 15:18:31 Line: 11, : Request start: ::1
2025-06-01 15:19:20 Line: 11, : Request start: ::1
2025-06-01 15:19:24 Line: 90, APISubiektGT\SubiektGT\SubiektObj->get: Pobrano dane obiektu id: 
2025-06-01 15:19:24 Line: 95, APISubiektGT\SubiektGT\document->get: Request finish: ::1
2025-06-01 15:19:34 Line: 11, : Request start: ::1
2025-06-01 15:19:47 Line: 90, APISubiektGT\SubiektGT\SubiektObj->get: Pobrano dane obiektu id: 177
2025-06-01 15:19:47 Line: 95, APISubiektGT\SubiektGT\document->get: Request finish: ::1
2025-06-01 15:20:09 Line: 11, : Request start: ::1
2025-06-01 15:20:09 Line: 90, APISubiektGT\SubiektGT\SubiektObj->get: Pobrano dane obiektu id: 
2025-06-01 15:20:09 Line: 95, APISubiektGT\SubiektGT\document->get: Request finish: ::1
2025-06-01 15:20:13 Line: 11, : Request start: ::1
2025-06-01 15:20:13 Line: 90, APISubiektGT\SubiektGT\SubiektObj->get: Pobrano dane obiektu id: 177
2025-06-01 15:20:13 Line: 95, APISubiektGT\SubiektGT\document->get: Request finish: ::1
2025-06-01 15:14:21 Line: 11, : Request start: ::1
2025-06-01 15:14:21 Line: 90, APISubiektGT\SubiektGT\SubiektObj->get: Pobrano dane obiektu id: 101
2025-06-01 15:14:21 Line: 90, APISubiektGT\SubiektGT\SubiektObj->get: Pobrano dane obiektu id: 2
2025-06-01 15:14:22 Line: 68, APISubiektGT\SubiektGT\Order->addPosition: Dodaje pozycje o kodzie: A_OLEJ
2025-06-01 15:14:22 Line: 90, APISubiektGT\SubiektGT\SubiektObj->get: Pobrano dane obiektu id: 60
2025-06-01 15:14:22 Line: 68, APISubiektGT\SubiektGT\Order->addPosition: Dodaje pozycje o kodzie: DOSTAWA123
2025-06-01 15:14:55 Line: 11, : Request start: ::1
2025-06-01 15:14:56 Line: 90, APISubiektGT\SubiektGT\SubiektObj->get: Pobrano dane obiektu id: 101
2025-06-01 15:14:56 Line: 90, APISubiektGT\SubiektGT\SubiektObj->get: Pobrano dane obiektu id: 2
2025-06-01 15:14:56 Line: 68, APISubiektGT\SubiektGT\Order->addPosition: Dodaje pozycje o kodzie: A_OLEJ
2025-06-01 15:14:56 Line: 90, APISubiektGT\SubiektGT\SubiektObj->get: Pobrano dane obiektu id: 60
2025-06-01 15:14:56 Line: 68, APISubiektGT\SubiektGT\Order->addPosition: Dodaje pozycje o kodzie: DOSTAWA123
2025-06-01 15:15:43 Line: 11, : Request start: ::1
2025-06-01 15:15:43 Line: 90, APISubiektGT\SubiektGT\SubiektObj->get: Pobrano dane obiektu id: 101
2025-06-01 15:15:43 Line: 90, APISubiektGT\SubiektGT\SubiektObj->get: Pobrano dane obiektu id: 2
2025-06-01 15:15:43 Line: 68, APISubiektGT\SubiektGT\Order->addPosition: Dodaje pozycje o kodzie: A_OLEJ
2025-06-01 15:15:43 Line: 90, APISubiektGT\SubiektGT\SubiektObj->get: Pobrano dane obiektu id: 60
2025-06-01 15:15:43 Line: 68, APISubiektGT\SubiektGT\Order->addPosition: Dodaje pozycje o kodzie: DOSTAWA123
2025-06-01 15:16:21 Line: 11, : Request start: ::1
2025-06-01 15:16:21 Line: 90, APISubiektGT\SubiektGT\SubiektObj->get: Pobrano dane obiektu id: 101
2025-06-01 15:16:21 Line: 90, APISubiektGT\SubiektGT\SubiektObj->get: Pobrano dane obiektu id: 2
2025-06-01 15:16:21 Line: 68, APISubiektGT\SubiektGT\Order->addPosition: Dodaje pozycje o kodzie: A_OLEJ
2025-06-01 15:16:21 Line: 90, APISubiektGT\SubiektGT\SubiektObj->get: Pobrano dane obiektu id: 60
2025-06-01 15:16:21 Line: 68, APISubiektGT\SubiektGT\Order->addPosition: Dodaje pozycje o kodzie: DOSTAWA123
2025-06-01 15:16:22 Line: 282, APISubiektGT\SubiektGT\Order->add: Utworzono zamówienie od klienta: ZK 6/2025
2025-06-01 15:16:22 Line: 95, APISubiektGT\SubiektGT\order->add: Request finish: ::1
2025-06-01 15:17:13 Line: 11, : Request start: ::1
2025-06-01 15:17:13 Line: 90, APISubiektGT\SubiektGT\SubiektObj->get: Pobrano dane obiektu id: 101
2025-06-01 15:17:14 Line: 90, APISubiektGT\SubiektGT\SubiektObj->get: Pobrano dane obiektu id: 2
2025-06-01 15:17:14 Line: 68, APISubiektGT\SubiektGT\Order->addPosition: Dodaje pozycje o kodzie: A_OLEJ
2025-06-01 15:17:14 Line: 90, APISubiektGT\SubiektGT\SubiektObj->get: Pobrano dane obiektu id: 60
2025-06-01 15:17:14 Line: 68, APISubiektGT\SubiektGT\Order->addPosition: Dodaje pozycje o kodzie: DOSTAWA123
2025-06-01 15:17:14 Line: 282, APISubiektGT\SubiektGT\Order->add: Utworzono zamówienie od klienta: ZK 7/2025
2025-06-01 15:17:14 Line: 95, APISubiektGT\SubiektGT\order->add: Request finish: ::1
2025-06-01 15:18:08 Line: 11, : Request start: ::1
2025-06-01 15:30:50 Line: 11, : Request start: ::1
2025-06-01 15:30:50 Line: 95, APISubiektGT\SubiektGT\order->makesaledoc: Request finish: ::1
2025-06-01 15:31:00 Line: 11, : Request start: ::1
2025-06-01 15:31:00 Line: 90, APISubiektGT\SubiektGT\SubiektObj->get: Pobrano dane obiektu id: 101
2025-06-01 15:31:00 Line: 90, APISubiektGT\SubiektGT\SubiektObj->get: Pobrano dane obiektu id: 2
2025-06-01 15:31:00 Line: 68, APISubiektGT\SubiektGT\Order->addPosition: Dodaje pozycje o kodzie: A_OLEJ
2025-06-01 15:31:00 Line: 90, APISubiektGT\SubiektGT\SubiektObj->get: Pobrano dane obiektu id: 60
2025-06-01 15:31:00 Line: 68, APISubiektGT\SubiektGT\Order->addPosition: Dodaje pozycje o kodzie: DOSTAWA123
2025-06-01 15:34:14 Line: 11, : Request start: ::1
2025-06-01 15:34:15 Line: 146, APISubiektGT\SubiektGT\Customer->add: Utworzono klienta od klienta: 1273168911
2025-06-01 15:34:15 Line: 90, APISubiektGT\SubiektGT\SubiektObj->get: Pobrano dane obiektu id: 103
2025-06-01 15:34:15 Line: 90, APISubiektGT\SubiektGT\SubiektObj->get: Pobrano dane obiektu id: 2
2025-06-01 15:34:15 Line: 68, APISubiektGT\SubiektGT\Order->addPosition: Dodaje pozycje o kodzie: A_OLEJ
2025-06-01 15:34:15 Line: 90, APISubiektGT\SubiektGT\SubiektObj->get: Pobrano dane obiektu id: 60
2025-06-01 15:34:15 Line: 68, APISubiektGT\SubiektGT\Order->addPosition: Dodaje pozycje o kodzie: DOSTAWA123
2025-06-01 15:35:24 Line: 11, : Request start: ::1
2025-06-01 15:35:24 Line: 90, APISubiektGT\SubiektGT\SubiektObj->get: Pobrano dane obiektu id: 101
2025-06-01 15:35:24 Line: 90, APISubiektGT\SubiektGT\SubiektObj->get: Pobrano dane obiektu id: 2
2025-06-01 15:35:24 Line: 68, APISubiektGT\SubiektGT\Order->addPosition: Dodaje pozycje o kodzie: A_OLEJ
2025-06-01 15:35:25 Line: 90, APISubiektGT\SubiektGT\SubiektObj->get: Pobrano dane obiektu id: 60
2025-06-01 15:35:25 Line: 68, APISubiektGT\SubiektGT\Order->addPosition: Dodaje pozycje o kodzie: DOSTAWA123
2025-06-01 15:38:11 Line: 11, : Request start: ::1
2025-06-01 15:38:12 Line: 90, APISubiektGT\SubiektGT\SubiektObj->get: Pobrano dane obiektu id: 101
2025-06-01 15:38:12 Line: 90, APISubiektGT\SubiektGT\SubiektObj->get: Pobrano dane obiektu id: 2
2025-06-01 15:38:12 Line: 68, APISubiektGT\SubiektGT\Order->addPosition: Dodaje pozycje o kodzie: A_OLEJ
2025-06-01 15:38:12 Line: 90, APISubiektGT\SubiektGT\SubiektObj->get: Pobrano dane obiektu id: 60
2025-06-01 15:38:12 Line: 68, APISubiektGT\SubiektGT\Order->addPosition: Dodaje pozycje o kodzie: DOSTAWA123
2025-06-01 15:39:06 Line: 11, : Request start: ::1
2025-06-01 15:39:06 Line: 90, APISubiektGT\SubiektGT\SubiektObj->get: Pobrano dane obiektu id: 101
2025-06-01 15:39:06 Line: 90, APISubiektGT\SubiektGT\SubiektObj->get: Pobrano dane obiektu id: 2
2025-06-01 15:39:07 Line: 68, APISubiektGT\SubiektGT\Order->addPosition: Dodaje pozycje o kodzie: A_OLEJ
2025-06-01 15:39:07 Line: 90, APISubiektGT\SubiektGT\SubiektObj->get: Pobrano dane obiektu id: 60
2025-06-01 15:39:07 Line: 68, APISubiektGT\SubiektGT\Order->addPosition: Dodaje pozycje o kodzie: DOSTAWA123
2025-06-01 15:45:31 Line: 11, : Request start: ::1
2025-06-01 15:45:31 Line: 90, APISubiektGT\SubiektGT\SubiektObj->get: Pobrano dane obiektu id: 101
2025-06-01 15:47:58 Line: 11, : Request start: ::1
2025-06-01 15:47:58 Line: 90, APISubiektGT\SubiektGT\SubiektObj->get: Pobrano dane obiektu id: 101
2025-06-01 15:47:58 Line: 90, APISubiektGT\SubiektGT\SubiektObj->get: Pobrano dane obiektu id: 2
2025-06-01 15:47:59 Line: 68, APISubiektGT\SubiektGT\Order->addPosition: Dodaje pozycje o kodzie: A_OLEJ
2025-06-01 15:47:59 Line: 90, APISubiektGT\SubiektGT\SubiektObj->get: Pobrano dane obiektu id: 60
2025-06-01 15:47:59 Line: 68, APISubiektGT\SubiektGT\Order->addPosition: Dodaje pozycje o kodzie: DOSTAWA123
2025-06-01 15:48:47 Line: 11, : Request start: ::1
2025-06-01 15:48:48 Line: 90, APISubiektGT\SubiektGT\SubiektObj->get: Pobrano dane obiektu id: 101
2025-06-01 15:48:48 Line: 90, APISubiektGT\SubiektGT\SubiektObj->get: Pobrano dane obiektu id: 2
2025-06-01 15:48:48 Line: 68, APISubiektGT\SubiektGT\Order->addPosition: Dodaje pozycje o kodzie: A_OLEJ
2025-06-01 15:48:48 Line: 90, APISubiektGT\SubiektGT\SubiektObj->get: Pobrano dane obiektu id: 60
2025-06-01 15:48:48 Line: 68, APISubiektGT\SubiektGT\Order->addPosition: Dodaje pozycje o kodzie: DOSTAWA123
2025-06-01 15:49:17 Line: 11, : Request start: ::1
2025-06-01 15:49:17 Line: 90, APISubiektGT\SubiektGT\SubiektObj->get: Pobrano dane obiektu id: 101
2025-06-01 15:49:17 Line: 90, APISubiektGT\SubiektGT\SubiektObj->get: Pobrano dane obiektu id: 2
2025-06-01 15:49:18 Line: 68, APISubiektGT\SubiektGT\Order->addPosition: Dodaje pozycje o kodzie: A_OLEJ
2025-06-01 15:49:18 Line: 90, APISubiektGT\SubiektGT\SubiektObj->get: Pobrano dane obiektu id: 60
2025-06-01 15:49:18 Line: 68, APISubiektGT\SubiektGT\Order->addPosition: Dodaje pozycje o kodzie: DOSTAWA123
2025-06-01 15:51:07 Line: 11, : Request start: ::1
2025-06-01 15:51:07 Line: 90, APISubiektGT\SubiektGT\SubiektObj->get: Pobrano dane obiektu id: 101
2025-06-01 15:51:07 Line: 90, APISubiektGT\SubiektGT\SubiektObj->get: Pobrano dane obiektu id: 2
2025-06-01 15:51:08 Line: 68, APISubiektGT\SubiektGT\Order->addPosition: Dodaje pozycje o kodzie: A_OLEJ
2025-06-01 15:51:08 Line: 90, APISubiektGT\SubiektGT\SubiektObj->get: Pobrano dane obiektu id: 60
2025-06-01 15:51:08 Line: 68, APISubiektGT\SubiektGT\Order->addPosition: Dodaje pozycje o kodzie: DOSTAWA123
2025-06-01 15:51:28 Line: 11, : Request start: ::1
2025-06-01 15:51:28 Line: 90, APISubiektGT\SubiektGT\SubiektObj->get: Pobrano dane obiektu id: 101
2025-06-01 15:51:29 Line: 90, APISubiektGT\SubiektGT\SubiektObj->get: Pobrano dane obiektu id: 2
2025-06-01 15:51:29 Line: 68, APISubiektGT\SubiektGT\Order->addPosition: Dodaje pozycje o kodzie: A_OLEJ
2025-06-01 15:51:29 Line: 90, APISubiektGT\SubiektGT\SubiektObj->get: Pobrano dane obiektu id: 60
2025-06-01 15:51:29 Line: 68, APISubiektGT\SubiektGT\Order->addPosition: Dodaje pozycje o kodzie: DOSTAWA123
2025-06-01 15:52:06 Line: 11, : Request start: ::1
2025-06-01 15:52:06 Line: 90, APISubiektGT\SubiektGT\SubiektObj->get: Pobrano dane obiektu id: 101
2025-06-01 15:52:07 Line: 90, APISubiektGT\SubiektGT\SubiektObj->get: Pobrano dane obiektu id: 2
2025-06-01 15:52:07 Line: 68, APISubiektGT\SubiektGT\Order->addPosition: Dodaje pozycje o kodzie: A_OLEJ
2025-06-01 15:52:07 Line: 90, APISubiektGT\SubiektGT\SubiektObj->get: Pobrano dane obiektu id: 60
2025-06-01 15:52:07 Line: 68, APISubiektGT\SubiektGT\Order->addPosition: Dodaje pozycje o kodzie: DOSTAWA123
2025-06-01 15:52:57 Line: 11, : Request start: ::1
2025-06-01 15:52:57 Line: 90, APISubiektGT\SubiektGT\SubiektObj->get: Pobrano dane obiektu id: 101
2025-06-01 15:52:57 Line: 90, APISubiektGT\SubiektGT\SubiektObj->get: Pobrano dane obiektu id: 2
2025-06-01 15:52:58 Line: 68, APISubiektGT\SubiektGT\Order->addPosition: Dodaje pozycje o kodzie: A_OLEJ
2025-06-01 15:52:58 Line: 90, APISubiektGT\SubiektGT\SubiektObj->get: Pobrano dane obiektu id: 60
2025-06-01 15:52:58 Line: 68, APISubiektGT\SubiektGT\Order->addPosition: Dodaje pozycje o kodzie: DOSTAWA123
2025-06-01 15:54:03 Line: 11, : Request start: ::1
2025-06-01 15:54:04 Line: 90, APISubiektGT\SubiektGT\SubiektObj->get: Pobrano dane obiektu id: 101
2025-06-01 15:54:04 Line: 90, APISubiektGT\SubiektGT\SubiektObj->get: Pobrano dane obiektu id: 2
2025-06-01 15:54:04 Line: 68, APISubiektGT\SubiektGT\Order->addPosition: Dodaje pozycje o kodzie: A_OLEJ
2025-06-01 15:54:04 Line: 90, APISubiektGT\SubiektGT\SubiektObj->get: Pobrano dane obiektu id: 60
2025-06-01 15:54:04 Line: 68, APISubiektGT\SubiektGT\Order->addPosition: Dodaje pozycje o kodzie: DOSTAWA123
2025-06-01 15:54:21 Line: 11, : Request start: ::1
2025-06-01 15:54:21 Line: 90, APISubiektGT\SubiektGT\SubiektObj->get: Pobrano dane obiektu id: 101
2025-06-01 15:54:21 Line: 90, APISubiektGT\SubiektGT\SubiektObj->get: Pobrano dane obiektu id: 2
2025-06-01 15:54:22 Line: 68, APISubiektGT\SubiektGT\Order->addPosition: Dodaje pozycje o kodzie: A_OLEJ
2025-06-01 15:54:22 Line: 90, APISubiektGT\SubiektGT\SubiektObj->get: Pobrano dane obiektu id: 60
2025-06-01 15:54:22 Line: 68, APISubiektGT\SubiektGT\Order->addPosition: Dodaje pozycje o kodzie: DOSTAWA123
2025-06-01 15:55:04 Line: 11, : Request start: ::1
2025-06-01 15:55:05 Line: 90, APISubiektGT\SubiektGT\SubiektObj->get: Pobrano dane obiektu id: 101
2025-06-01 15:55:21 Line: 11, : Request start: ::1
2025-06-01 15:55:22 Line: 90, APISubiektGT\SubiektGT\SubiektObj->get: Pobrano dane obiektu id: 101
2025-06-01 15:55:22 Line: 90, APISubiektGT\SubiektGT\SubiektObj->get: Pobrano dane obiektu id: 2
2025-06-01 15:55:22 Line: 68, APISubiektGT\SubiektGT\Order->addPosition: Dodaje pozycje o kodzie: A_OLEJ
2025-06-01 15:55:22 Line: 90, APISubiektGT\SubiektGT\SubiektObj->get: Pobrano dane obiektu id: 60
2025-06-01 15:55:22 Line: 68, APISubiektGT\SubiektGT\Order->addPosition: Dodaje pozycje o kodzie: DOSTAWA123
2025-06-01 15:56:20 Line: 11, : Request start: ::1
2025-06-01 15:56:21 Line: 90, APISubiektGT\SubiektGT\SubiektObj->get: Pobrano dane obiektu id: 101
2025-06-01 15:56:21 Line: 90, APISubiektGT\SubiektGT\SubiektObj->get: Pobrano dane obiektu id: 2
2025-06-01 15:56:21 Line: 68, APISubiektGT\SubiektGT\Order->addPosition: Dodaje pozycje o kodzie: A_OLEJ
2025-06-01 15:56:21 Line: 90, APISubiektGT\SubiektGT\SubiektObj->get: Pobrano dane obiektu id: 60
2025-06-01 15:56:21 Line: 68, APISubiektGT\SubiektGT\Order->addPosition: Dodaje pozycje o kodzie: DOSTAWA123
2025-06-01 16:04:42 Line: 11, : Request start: ::1
2025-06-01 16:06:15 Line: 11, : Request start: ::1
2025-06-01 16:06:15 Line: 90, APISubiektGT\SubiektGT\SubiektObj->get: Pobrano dane obiektu id: 101
2025-06-01 16:06:15 Line: 90, APISubiektGT\SubiektGT\SubiektObj->get: Pobrano dane obiektu id: 2
2025-06-01 16:06:16 Line: 68, APISubiektGT\SubiektGT\Order->addPosition: Dodaje pozycje o kodzie: A_OLEJ
2025-06-01 16:06:16 Line: 90, APISubiektGT\SubiektGT\SubiektObj->get: Pobrano dane obiektu id: 60
2025-06-01 16:06:16 Line: 68, APISubiektGT\SubiektGT\Order->addPosition: Dodaje pozycje o kodzie: DOSTAWA123
2025-06-01 16:08:36 Line: 11, : Request start: ::1
2025-06-01 16:08:37 Line: 90, APISubiektGT\SubiektGT\SubiektObj->get: Pobrano dane obiektu id: 101
2025-06-01 16:08:37 Line: 90, APISubiektGT\SubiektGT\SubiektObj->get: Pobrano dane obiektu id: 2
2025-06-01 16:08:37 Line: 68, APISubiektGT\SubiektGT\Order->addPosition: Dodaje pozycje o kodzie: A_OLEJ
2025-06-01 16:08:37 Line: 90, APISubiektGT\SubiektGT\SubiektObj->get: Pobrano dane obiektu id: 60
2025-06-01 16:08:37 Line: 68, APISubiektGT\SubiektGT\Order->addPosition: Dodaje pozycje o kodzie: DOSTAWA123
2025-06-01 16:08:58 Line: 11, : Request start: ::1
2025-06-01 16:08:59 Line: 90, APISubiektGT\SubiektGT\SubiektObj->get: Pobrano dane obiektu id: 101
2025-06-01 16:08:59 Line: 90, APISubiektGT\SubiektGT\SubiektObj->get: Pobrano dane obiektu id: 2
2025-06-01 16:08:59 Line: 68, APISubiektGT\SubiektGT\Order->addPosition: Dodaje pozycje o kodzie: A_OLEJ
2025-06-01 16:08:59 Line: 90, APISubiektGT\SubiektGT\SubiektObj->get: Pobrano dane obiektu id: 60
2025-06-01 16:09:00 Line: 68, APISubiektGT\SubiektGT\Order->addPosition: Dodaje pozycje o kodzie: DOSTAWA123
2025-06-01 16:09:55 Line: 11, : Request start: ::1
2025-06-01 16:09:55 Line: 90, APISubiektGT\SubiektGT\SubiektObj->get: Pobrano dane obiektu id: 101
2025-06-01 16:11:28 Line: 11, : Request start: ::1
2025-06-01 16:11:28 Line: 90, APISubiektGT\SubiektGT\SubiektObj->get: Pobrano dane obiektu id: 101
2025-06-01 16:11:46 Line: 11, : Request start: ::1
2025-06-01 16:11:47 Line: 90, APISubiektGT\SubiektGT\SubiektObj->get: Pobrano dane obiektu id: 101
2025-06-01 16:12:38 Line: 11, : Request start: ::1
2025-06-01 16:12:50 Line: 11, : Request start: ::1
2025-06-01 16:12:50 Line: 90, APISubiektGT\SubiektGT\SubiektObj->get: Pobrano dane obiektu id: 101
2025-06-01 16:12:50 Line: 90, APISubiektGT\SubiektGT\SubiektObj->get: Pobrano dane obiektu id: 2
2025-06-01 16:12:50 Line: 68, APISubiektGT\SubiektGT\Order->addPosition: Dodaje pozycje o kodzie: A_OLEJ
2025-06-01 16:12:51 Line: 90, APISubiektGT\SubiektGT\SubiektObj->get: Pobrano dane obiektu id: 60
2025-06-01 16:12:51 Line: 68, APISubiektGT\SubiektGT\Order->addPosition: Dodaje pozycje o kodzie: DOSTAWA123
2025-06-01 16:13:18 Line: 11, : Request start: ::1
2025-06-01 16:13:35 Line: 11, : Request start: ::1
2025-06-01 16:13:36 Line: 90, APISubiektGT\SubiektGT\SubiektObj->get: Pobrano dane obiektu id: 101
2025-06-01 16:13:36 Line: 90, APISubiektGT\SubiektGT\SubiektObj->get: Pobrano dane obiektu id: 2
2025-06-01 16:13:37 Line: 68, APISubiektGT\SubiektGT\Order->addPosition: Dodaje pozycje o kodzie: A_OLEJ
2025-06-01 16:13:37 Line: 90, APISubiektGT\SubiektGT\SubiektObj->get: Pobrano dane obiektu id: 60
2025-06-01 16:13:37 Line: 68, APISubiektGT\SubiektGT\Order->addPosition: Dodaje pozycje o kodzie: DOSTAWA123
2025-06-01 16:14:05 Line: 11, : Request start: ::1
2025-06-01 16:14:05 Line: 90, APISubiektGT\SubiektGT\SubiektObj->get: Pobrano dane obiektu id: 101
2025-06-01 16:14:05 Line: 90, APISubiektGT\SubiektGT\SubiektObj->get: Pobrano dane obiektu id: 2
2025-06-01 16:14:05 Line: 68, APISubiektGT\SubiektGT\Order->addPosition: Dodaje pozycje o kodzie: A_OLEJ
2025-06-01 16:14:05 Line: 90, APISubiektGT\SubiektGT\SubiektObj->get: Pobrano dane obiektu id: 60
2025-06-01 16:14:05 Line: 68, APISubiektGT\SubiektGT\Order->addPosition: Dodaje pozycje o kodzie: DOSTAWA123
2025-06-01 16:15:29 Line: 11, : Request start: ::1
2025-06-01 16:15:29 Line: 90, APISubiektGT\SubiektGT\SubiektObj->get: Pobrano dane obiektu id: 101
2025-06-01 16:15:29 Line: 90, APISubiektGT\SubiektGT\SubiektObj->get: Pobrano dane obiektu id: 2
2025-06-01 16:15:29 Line: 68, APISubiektGT\SubiektGT\Order->addPosition: Dodaje pozycje o kodzie: A_OLEJ
2025-06-01 16:15:29 Line: 90, APISubiektGT\SubiektGT\SubiektObj->get: Pobrano dane obiektu id: 60
2025-06-01 16:15:29 Line: 68, APISubiektGT\SubiektGT\Order->addPosition: Dodaje pozycje o kodzie: DOSTAWA123
2025-06-01 16:16:01 Line: 11, : Request start: ::1
2025-06-01 16:16:01 Line: 90, APISubiektGT\SubiektGT\SubiektObj->get: Pobrano dane obiektu id: 101
2025-06-01 16:16:02 Line: 90, APISubiektGT\SubiektGT\SubiektObj->get: Pobrano dane obiektu id: 2
2025-06-01 16:16:02 Line: 68, APISubiektGT\SubiektGT\Order->addPosition: Dodaje pozycje o kodzie: A_OLEJ
2025-06-01 16:16:02 Line: 90, APISubiektGT\SubiektGT\SubiektObj->get: Pobrano dane obiektu id: 60
2025-06-01 16:16:02 Line: 68, APISubiektGT\SubiektGT\Order->addPosition: Dodaje pozycje o kodzie: DOSTAWA123
2025-06-01 16:18:54 Line: 11, : Request start: ::1
2025-06-01 16:18:54 Line: 90, APISubiektGT\SubiektGT\SubiektObj->get: Pobrano dane obiektu id: 101
2025-06-01 16:18:54 Line: 90, APISubiektGT\SubiektGT\SubiektObj->get: Pobrano dane obiektu id: 2
2025-06-01 16:23:26 Line: 11, : Request start: ::1
2025-06-01 16:23:27 Line: 90, APISubiektGT\SubiektGT\SubiektObj->get: Pobrano dane obiektu id: 101
2025-06-01 16:23:27 Line: 90, APISubiektGT\SubiektGT\SubiektObj->get: Pobrano dane obiektu id: 2
2025-06-01 16:24:20 Line: 11, : Request start: ::1
2025-06-01 16:24:20 Line: 90, APISubiektGT\SubiektGT\SubiektObj->get: Pobrano dane obiektu id: 101
2025-06-01 16:24:21 Line: 90, APISubiektGT\SubiektGT\SubiektObj->get: Pobrano dane obiektu id: 2
2025-06-01 16:24:55 Line: 11, : Request start: ::1
2025-06-01 16:24:56 Line: 90, APISubiektGT\SubiektGT\SubiektObj->get: Pobrano dane obiektu id: 101
2025-06-01 16:24:56 Line: 90, APISubiektGT\SubiektGT\SubiektObj->get: Pobrano dane obiektu id: 2
2025-06-01 16:25:21 Line: 11, : Request start: ::1
2025-06-01 16:25:21 Line: 90, APISubiektGT\SubiektGT\SubiektObj->get: Pobrano dane obiektu id: 101
2025-06-01 16:25:21 Line: 90, APISubiektGT\SubiektGT\SubiektObj->get: Pobrano dane obiektu id: 2
2025-06-01 16:26:12 Line: 11, : Request start: ::1
2025-06-01 16:26:12 Line: 90, APISubiektGT\SubiektGT\SubiektObj->get: Pobrano dane obiektu id: 101
2025-06-01 16:26:12 Line: 90, APISubiektGT\SubiektGT\SubiektObj->get: Pobrano dane obiektu id: 2
2025-06-01 16:30:16 Line: 11, : Request start: ::1
2025-06-01 16:30:17 Line: 90, APISubiektGT\SubiektGT\SubiektObj->get: Pobrano dane obiektu id: 101
2025-06-01 16:30:17 Line: 90, APISubiektGT\SubiektGT\SubiektObj->get: Pobrano dane obiektu id: 2
2025-06-01 16:36:38 Line: 11, : Request start: ::1
2025-06-01 16:36:38 Line: 90, APISubiektGT\SubiektGT\SubiektObj->get: Pobrano dane obiektu id: 101
2025-06-01 16:36:38 Line: 90, APISubiektGT\SubiektGT\SubiektObj->get: Pobrano dane obiektu id: 2
2025-06-01 16:37:18 Line: 11, : Request start: ::1
2025-06-01 16:37:18 Line: 90, APISubiektGT\SubiektGT\SubiektObj->get: Pobrano dane obiektu id: 101
2025-06-01 16:37:18 Line: 90, APISubiektGT\SubiektGT\SubiektObj->get: Pobrano dane obiektu id: 2
2025-06-01 16:37:18 Line: 71, APISubiektGT\SubiektGT\Order->addPosition: Dodaje pozycje o kodzie: A_OLEJ
2025-06-01 16:37:18 Line: 90, APISubiektGT\SubiektGT\SubiektObj->get: Pobrano dane obiektu id: 60
2025-06-01 16:37:18 Line: 71, APISubiektGT\SubiektGT\Order->addPosition: Dodaje pozycje o kodzie: DOSTAWA123
2025-06-01 16:38:22 Line: 11, : Request start: ::1
2025-06-01 16:38:22 Line: 90, APISubiektGT\SubiektGT\SubiektObj->get: Pobrano dane obiektu id: 101
2025-06-01 16:38:22 Line: 90, APISubiektGT\SubiektGT\SubiektObj->get: Pobrano dane obiektu id: 2
2025-06-01 16:38:45 Line: 11, : Request start: ::1
2025-06-01 16:38:45 Line: 90, APISubiektGT\SubiektGT\SubiektObj->get: Pobrano dane obiektu id: 101
2025-06-01 16:38:45 Line: 90, APISubiektGT\SubiektGT\SubiektObj->get: Pobrano dane obiektu id: 2
2025-06-01 16:41:43 Line: 11, : Request start: ::1
2025-06-01 16:41:43 Line: 90, APISubiektGT\SubiektGT\SubiektObj->get: Pobrano dane obiektu id: 101
2025-06-01 16:41:44 Line: 90, APISubiektGT\SubiektGT\SubiektObj->get: Pobrano dane obiektu id: 2
2025-06-01 16:42:06 Line: 11, : Request start: ::1
2025-06-01 16:42:06 Line: 90, APISubiektGT\SubiektGT\SubiektObj->get: Pobrano dane obiektu id: 101
2025-06-01 16:42:06 Line: 90, APISubiektGT\SubiektGT\SubiektObj->get: Pobrano dane obiektu id: 2
2025-06-01 16:43:59 Line: 11, : Request start: ::1
2025-06-01 16:44:00 Line: 90, APISubiektGT\SubiektGT\SubiektObj->get: Pobrano dane obiektu id: 101
2025-06-01 16:44:00 Line: 90, APISubiektGT\SubiektGT\SubiektObj->get: Pobrano dane obiektu id: 2
2025-06-01 16:44:59 Line: 11, : Request start: ::1
2025-06-01 16:45:00 Line: 90, APISubiektGT\SubiektGT\SubiektObj->get: Pobrano dane obiektu id: 101
2025-06-01 16:45:00 Line: 90, APISubiektGT\SubiektGT\SubiektObj->get: Pobrano dane obiektu id: 2
2025-06-01 16:46:17 Line: 11, : Request start: ::1
2025-06-01 16:46:17 Line: 90, APISubiektGT\SubiektGT\SubiektObj->get: Pobrano dane obiektu id: 101
2025-06-01 16:46:18 Line: 90, APISubiektGT\SubiektGT\SubiektObj->get: Pobrano dane obiektu id: 2
2025-06-01 16:46:29 Line: 11, : Request start: ::1
2025-06-01 16:46:29 Line: 90, APISubiektGT\SubiektGT\SubiektObj->get: Pobrano dane obiektu id: 101
2025-06-01 16:46:29 Line: 90, APISubiektGT\SubiektGT\SubiektObj->get: Pobrano dane obiektu id: 2
2025-06-01 16:48:01 Line: 11, : Request start: ::1
2025-06-01 16:48:01 Line: 90, APISubiektGT\SubiektGT\SubiektObj->get: Pobrano dane obiektu id: 101
2025-06-01 16:48:01 Line: 90, APISubiektGT\SubiektGT\SubiektObj->get: Pobrano dane obiektu id: 2
2025-06-01 16:48:01 Line: 73, APISubiektGT\SubiektGT\Order->addPosition: Dodaje pozycje o kodzie: A_OLEJ
2025-06-01 16:48:02 Line: 90, APISubiektGT\SubiektGT\SubiektObj->get: Pobrano dane obiektu id: 60
2025-06-01 16:48:02 Line: 73, APISubiektGT\SubiektGT\Order->addPosition: Dodaje pozycje o kodzie: DOSTAWA123
2025-06-01 16:48:48 Line: 11, : Request start: ::1
2025-06-01 16:48:48 Line: 90, APISubiektGT\SubiektGT\SubiektObj->get: Pobrano dane obiektu id: 101
2025-06-01 16:48:48 Line: 90, APISubiektGT\SubiektGT\SubiektObj->get: Pobrano dane obiektu id: 2
2025-06-01 16:48:48 Line: 73, APISubiektGT\SubiektGT\Order->addPosition: Dodaje pozycje o kodzie: A_OLEJ
2025-06-01 16:48:48 Line: 90, APISubiektGT\SubiektGT\SubiektObj->get: Pobrano dane obiektu id: 60
2025-06-01 16:48:49 Line: 73, APISubiektGT\SubiektGT\Order->addPosition: Dodaje pozycje o kodzie: DOSTAWA123
2025-06-01 16:50:43 Line: 11, : Request start: ::1
2025-06-01 16:50:43 Line: 90, APISubiektGT\SubiektGT\SubiektObj->get: Pobrano dane obiektu id: 101
2025-06-01 16:50:43 Line: 90, APISubiektGT\SubiektGT\SubiektObj->get: Pobrano dane obiektu id: 2
2025-06-01 16:50:43 Line: 73, APISubiektGT\SubiektGT\Order->addPosition: Dodaje pozycje o kodzie: A_OLEJ
2025-06-01 16:50:44 Line: 90, APISubiektGT\SubiektGT\SubiektObj->get: Pobrano dane obiektu id: 60
2025-06-01 16:50:44 Line: 73, APISubiektGT\SubiektGT\Order->addPosition: Dodaje pozycje o kodzie: DOSTAWA123
2025-06-01 16:51:03 Line: 11, : Request start: ::1
2025-06-01 16:51:03 Line: 90, APISubiektGT\SubiektGT\SubiektObj->get: Pobrano dane obiektu id: 101
2025-06-01 16:51:04 Line: 90, APISubiektGT\SubiektGT\SubiektObj->get: Pobrano dane obiektu id: 2
2025-06-01 16:51:04 Line: 73, APISubiektGT\SubiektGT\Order->addPosition: Dodaje pozycje o kodzie: A_OLEJ
2025-06-01 16:51:04 Line: 90, APISubiektGT\SubiektGT\SubiektObj->get: Pobrano dane obiektu id: 60
2025-06-01 16:51:04 Line: 73, APISubiektGT\SubiektGT\Order->addPosition: Dodaje pozycje o kodzie: DOSTAWA123
2025-06-01 16:52:53 Line: 11, : Request start: ::1
2025-06-01 16:52:54 Line: 90, APISubiektGT\SubiektGT\SubiektObj->get: Pobrano dane obiektu id: 101
2025-06-01 16:52:54 Line: 90, APISubiektGT\SubiektGT\SubiektObj->get: Pobrano dane obiektu id: 2
2025-06-01 16:52:54 Line: 73, APISubiektGT\SubiektGT\Order->addPosition: Dodaje pozycje o kodzie: A_OLEJ
2025-06-01 16:52:55 Line: 90, APISubiektGT\SubiektGT\SubiektObj->get: Pobrano dane obiektu id: 60
2025-06-01 16:52:55 Line: 73, APISubiektGT\SubiektGT\Order->addPosition: Dodaje pozycje o kodzie: DOSTAWA123
2025-06-01 16:54:28 Line: 11, : Request start: ::1
2025-06-01 16:54:28 Line: 90, APISubiektGT\SubiektGT\SubiektObj->get: Pobrano dane obiektu id: 101
2025-06-01 16:54:28 Line: 90, APISubiektGT\SubiektGT\SubiektObj->get: Pobrano dane obiektu id: 2
2025-06-01 16:54:28 Line: 73, APISubiektGT\SubiektGT\Order->addPosition: Dodaje pozycje o kodzie: A_OLEJ
2025-06-01 16:55:25 Line: 11, : Request start: ::1
2025-06-01 16:55:25 Line: 90, APISubiektGT\SubiektGT\SubiektObj->get: Pobrano dane obiektu id: 101
2025-06-01 16:55:26 Line: 90, APISubiektGT\SubiektGT\SubiektObj->get: Pobrano dane obiektu id: 26
2025-06-01 17:02:08 Line: 11, : Request start: ::1
2025-06-01 17:02:08 Line: 90, APISubiektGT\SubiektGT\SubiektObj->get: Pobrano dane obiektu id: 101
2025-06-01 17:02:08 Line: 90, APISubiektGT\SubiektGT\SubiektObj->get: Pobrano dane obiektu id: 26
2025-06-01 17:02:23 Line: 11, : Request start: ::1
2025-06-01 17:02:23 Line: 90, APISubiektGT\SubiektGT\SubiektObj->get: Pobrano dane obiektu id: 101
2025-06-01 17:02:23 Line: 90, APISubiektGT\SubiektGT\SubiektObj->get: Pobrano dane obiektu id: 60
2025-06-01 17:02:24 Line: 73, APISubiektGT\SubiektGT\Order->addPosition: Dodaje pozycje o kodzie: DOSTAWA123
2025-06-01 17:02:24 Line: 301, APISubiektGT\SubiektGT\Order->add: Utworzono zamówienie od klienta: FS 16/2025
2025-06-01 17:02:25 Line: 95, APISubiektGT\SubiektGT\order->add: Request finish: ::1
2025-06-01 17:02:35 Line: 11, : Request start: ::1
2025-06-01 17:02:35 Line: 90, APISubiektGT\SubiektGT\SubiektObj->get: Pobrano dane obiektu id: 101
2025-06-01 17:02:35 Line: 90, APISubiektGT\SubiektGT\SubiektObj->get: Pobrano dane obiektu id: 26
2025-06-01 17:03:34 Line: 11, : Request start: ::1
2025-06-01 17:03:34 Line: 90, APISubiektGT\SubiektGT\SubiektObj->get: Pobrano dane obiektu id: 101
2025-06-01 17:03:34 Line: 90, APISubiektGT\SubiektGT\SubiektObj->get: Pobrano dane obiektu id: 39
2025-06-01 17:03:34 Line: 73, APISubiektGT\SubiektGT\Order->addPosition: Dodaje pozycje o kodzie: OPKKR
2025-06-01 17:03:34 Line: 90, APISubiektGT\SubiektGT\SubiektObj->get: Pobrano dane obiektu id: 60
2025-06-01 17:03:34 Line: 73, APISubiektGT\SubiektGT\Order->addPosition: Dodaje pozycje o kodzie: DOSTAWA123
2025-06-01 17:03:36 Line: 301, APISubiektGT\SubiektGT\Order->add: Utworzono zamówienie od klienta: FS 17/2025
2025-06-01 17:03:36 Line: 95, APISubiektGT\SubiektGT\order->add: Request finish: ::1
2025-06-01 17:04:16 Line: 11, : Request start: ::1
2025-06-01 17:04:16 Line: 90, APISubiektGT\SubiektGT\SubiektObj->get: Pobrano dane obiektu id: 101
2025-06-01 17:04:16 Line: 90, APISubiektGT\SubiektGT\SubiektObj->get: Pobrano dane obiektu id: 39
2025-06-01 17:04:16 Line: 73, APISubiektGT\SubiektGT\Order->addPosition: Dodaje pozycje o kodzie: OPKKR
2025-06-01 17:04:16 Line: 90, APISubiektGT\SubiektGT\SubiektObj->get: Pobrano dane obiektu id: 60
2025-06-01 17:04:16 Line: 73, APISubiektGT\SubiektGT\Order->addPosition: Dodaje pozycje o kodzie: DOSTAWA123
2025-06-01 17:04:18 Line: 301, APISubiektGT\SubiektGT\Order->add: Utworzono zamówienie od klienta: FS 18/2025
2025-06-01 17:04:18 Line: 95, APISubiektGT\SubiektGT\order->add: Request finish: ::1
2025-06-01 17:05:12 Line: 11, : Request start: ::1
2025-06-01 17:05:12 Line: 90, APISubiektGT\SubiektGT\SubiektObj->get: Pobrano dane obiektu id: 101
2025-06-01 17:05:12 Line: 90, APISubiektGT\SubiektGT\SubiektObj->get: Pobrano dane obiektu id: 39
2025-06-01 17:05:13 Line: 73, APISubiektGT\SubiektGT\Order->addPosition: Dodaje pozycje o kodzie: OPKKR
2025-06-01 17:05:13 Line: 90, APISubiektGT\SubiektGT\SubiektObj->get: Pobrano dane obiektu id: 60
2025-06-01 17:05:13 Line: 73, APISubiektGT\SubiektGT\Order->addPosition: Dodaje pozycje o kodzie: DOSTAWA123
2025-06-01 17:05:14 Line: 301, APISubiektGT\SubiektGT\Order->add: Utworzono zamówienie od klienta: FS 19/2025
2025-06-01 17:05:14 Line: 95, APISubiektGT\SubiektGT\order->add: Request finish: ::1
2025-06-01 17:06:00 Line: 11, : Request start: ::1
2025-06-01 17:06:00 Line: 90, APISubiektGT\SubiektGT\SubiektObj->get: Pobrano dane obiektu id: 101
2025-06-01 17:06:00 Line: 90, APISubiektGT\SubiektGT\SubiektObj->get: Pobrano dane obiektu id: 39
2025-06-01 17:06:00 Line: 73, APISubiektGT\SubiektGT\Order->addPosition: Dodaje pozycje o kodzie: OPKKR
2025-06-01 17:06:00 Line: 90, APISubiektGT\SubiektGT\SubiektObj->get: Pobrano dane obiektu id: 60
2025-06-01 17:06:00 Line: 73, APISubiektGT\SubiektGT\Order->addPosition: Dodaje pozycje o kodzie: DOSTAWA123
2025-06-01 17:06:01 Line: 301, APISubiektGT\SubiektGT\Order->add: Utworzono zamówienie od klienta: FS 20/2025
2025-06-01 17:06:01 Line: 95, APISubiektGT\SubiektGT\order->add: Request finish: ::1
2025-06-01 17:06:13 Line: 11, : Request start: ::1
2025-06-01 17:06:13 Line: 90, APISubiektGT\SubiektGT\SubiektObj->get: Pobrano dane obiektu id: 101
2025-06-01 17:06:13 Line: 90, APISubiektGT\SubiektGT\SubiektObj->get: Pobrano dane obiektu id: 39
2025-06-01 17:06:14 Line: 73, APISubiektGT\SubiektGT\Order->addPosition: Dodaje pozycje o kodzie: OPKKR
2025-06-01 17:06:14 Line: 90, APISubiektGT\SubiektGT\SubiektObj->get: Pobrano dane obiektu id: 60
2025-06-01 17:06:14 Line: 73, APISubiektGT\SubiektGT\Order->addPosition: Dodaje pozycje o kodzie: DOSTAWA123
2025-06-01 17:06:15 Line: 301, APISubiektGT\SubiektGT\Order->add: Utworzono zamówienie od klienta: FS 21/2025
2025-06-01 17:06:15 Line: 95, APISubiektGT\SubiektGT\order->add: Request finish: ::1
2025-06-01 17:07:06 Line: 11, : Request start: ::1
2025-06-01 17:07:06 Line: 90, APISubiektGT\SubiektGT\SubiektObj->get: Pobrano dane obiektu id: 101
2025-06-01 17:07:06 Line: 90, APISubiektGT\SubiektGT\SubiektObj->get: Pobrano dane obiektu id: 39
2025-06-01 17:07:06 Line: 73, APISubiektGT\SubiektGT\Order->addPosition: Dodaje pozycje o kodzie: OPKKR
2025-06-01 17:07:08 Line: 301, APISubiektGT\SubiektGT\Order->add: Utworzono zamówienie od klienta: FS 22/2025
2025-06-01 17:07:08 Line: 95, APISubiektGT\SubiektGT\order->add: Request finish: ::1
2025-06-01 17:09:05 Line: 11, : Request start: ::1
2025-06-01 17:09:05 Line: 90, APISubiektGT\SubiektGT\SubiektObj->get: Pobrano dane obiektu id: 101
2025-06-01 17:09:05 Line: 90, APISubiektGT\SubiektGT\SubiektObj->get: Pobrano dane obiektu id: 39
2025-06-01 17:09:05 Line: 73, APISubiektGT\SubiektGT\Order->addPosition: Dodaje pozycje o kodzie: OPKKR
2025-06-01 17:09:05 Line: 90, APISubiektGT\SubiektGT\SubiektObj->get: Pobrano dane obiektu id: 60
2025-06-01 17:09:05 Line: 73, APISubiektGT\SubiektGT\Order->addPosition: Dodaje pozycje o kodzie: DOSTAWA123
2025-06-01 17:09:07 Line: 301, APISubiektGT\SubiektGT\Order->add: Utworzono zamówienie od klienta: FS 23/2025
2025-06-01 17:09:07 Line: 95, APISubiektGT\SubiektGT\order->add: Request finish: ::1
2025-06-01 17:09:58 Line: 11, : Request start: ::1
2025-06-01 17:09:58 Line: 90, APISubiektGT\SubiektGT\SubiektObj->get: Pobrano dane obiektu id: 101
2025-06-01 17:09:58 Line: 90, APISubiektGT\SubiektGT\SubiektObj->get: Pobrano dane obiektu id: 39
2025-06-01 17:09:58 Line: 73, APISubiektGT\SubiektGT\Order->addPosition: Dodaje pozycje o kodzie: OPKKR
2025-06-01 17:09:58 Line: 90, APISubiektGT\SubiektGT\SubiektObj->get: Pobrano dane obiektu id: 60
2025-06-01 17:09:59 Line: 73, APISubiektGT\SubiektGT\Order->addPosition: Dodaje pozycje o kodzie: DOSTAWA123
2025-06-01 17:10:00 Line: 301, APISubiektGT\SubiektGT\Order->add: Utworzono zamówienie od klienta: FS 24/2025
2025-06-01 17:10:00 Line: 95, APISubiektGT\SubiektGT\order->add: Request finish: ::1
2025-06-01 17:10:32 Line: 11, : Request start: ::1
2025-06-01 17:10:32 Line: 90, APISubiektGT\SubiektGT\SubiektObj->get: Pobrano dane obiektu id: 101
2025-06-01 17:10:32 Line: 90, APISubiektGT\SubiektGT\SubiektObj->get: Pobrano dane obiektu id: 39
2025-06-01 17:10:32 Line: 73, APISubiektGT\SubiektGT\Order->addPosition: Dodaje pozycje o kodzie: OPKKR
2025-06-01 17:10:32 Line: 90, APISubiektGT\SubiektGT\SubiektObj->get: Pobrano dane obiektu id: 60
2025-06-01 17:10:32 Line: 73, APISubiektGT\SubiektGT\Order->addPosition: Dodaje pozycje o kodzie: DOSTAWA123
2025-06-01 17:10:34 Line: 301, APISubiektGT\SubiektGT\Order->add: Utworzono zamówienie od klienta: FS 25/2025
2025-06-01 17:10:34 Line: 95, APISubiektGT\SubiektGT\order->add: Request finish: ::1
2025-06-01 17:10:53 Line: 11, : Request start: ::1
2025-06-01 17:10:53 Line: 90, APISubiektGT\SubiektGT\SubiektObj->get: Pobrano dane obiektu id: 101
2025-06-01 17:10:53 Line: 90, APISubiektGT\SubiektGT\SubiektObj->get: Pobrano dane obiektu id: 39
2025-06-01 17:10:53 Line: 73, APISubiektGT\SubiektGT\Order->addPosition: Dodaje pozycje o kodzie: OPKKR
2025-06-01 17:10:53 Line: 90, APISubiektGT\SubiektGT\SubiektObj->get: Pobrano dane obiektu id: 60
2025-06-01 17:10:53 Line: 73, APISubiektGT\SubiektGT\Order->addPosition: Dodaje pozycje o kodzie: DOSTAWA123
2025-06-01 17:10:54 Line: 301, APISubiektGT\SubiektGT\Order->add: Utworzono zamówienie od klienta: FS 26/2025
2025-06-01 17:10:54 Line: 95, APISubiektGT\SubiektGT\order->add: Request finish: ::1
2025-06-01 17:11:56 Line: 11, : Request start: ::1
2025-06-01 17:11:56 Line: 90, APISubiektGT\SubiektGT\SubiektObj->get: Pobrano dane obiektu id: 101
2025-06-01 17:11:56 Line: 90, APISubiektGT\SubiektGT\SubiektObj->get: Pobrano dane obiektu id: 39
2025-06-01 17:11:56 Line: 73, APISubiektGT\SubiektGT\Order->addPosition: Dodaje pozycje o kodzie: OPKKR
2025-06-01 17:11:56 Line: 90, APISubiektGT\SubiektGT\SubiektObj->get: Pobrano dane obiektu id: 60
2025-06-01 17:11:56 Line: 73, APISubiektGT\SubiektGT\Order->addPosition: Dodaje pozycje o kodzie: DOSTAWA123
2025-06-01 17:11:58 Line: 301, APISubiektGT\SubiektGT\Order->add: Utworzono zamówienie od klienta: FS 27/2025
2025-06-01 17:11:58 Line: 95, APISubiektGT\SubiektGT\order->add: Request finish: ::1
2025-06-01 17:13:05 Line: 11, : Request start: ::1
2025-06-01 17:13:05 Line: 90, APISubiektGT\SubiektGT\SubiektObj->get: Pobrano dane obiektu id: 101
2025-06-01 17:13:05 Line: 90, APISubiektGT\SubiektGT\SubiektObj->get: Pobrano dane obiektu id: 4
2025-06-01 17:13:05 Line: 73, APISubiektGT\SubiektGT\Order->addPosition: Dodaje pozycje o kodzie: BANAW200
2025-06-01 17:13:05 Line: 90, APISubiektGT\SubiektGT\SubiektObj->get: Pobrano dane obiektu id: 60
2025-06-01 17:13:05 Line: 73, APISubiektGT\SubiektGT\Order->addPosition: Dodaje pozycje o kodzie: DOSTAWA123
2025-06-01 17:13:06 Line: 301, APISubiektGT\SubiektGT\Order->add: Utworzono zamówienie od klienta: FS 28/2025
2025-06-01 17:13:06 Line: 95, APISubiektGT\SubiektGT\order->add: Request finish: ::1
2025-06-01 17:14:07 Line: 11, : Request start: ::1
2025-06-01 17:14:07 Line: 90, APISubiektGT\SubiektGT\SubiektObj->get: Pobrano dane obiektu id: 101
2025-06-01 17:14:07 Line: 90, APISubiektGT\SubiektGT\SubiektObj->get: Pobrano dane obiektu id: 4
2025-06-01 17:14:07 Line: 73, APISubiektGT\SubiektGT\Order->addPosition: Dodaje pozycje o kodzie: BANAW200
2025-06-01 17:14:08 Line: 90, APISubiektGT\SubiektGT\SubiektObj->get: Pobrano dane obiektu id: 60
2025-06-01 17:14:08 Line: 73, APISubiektGT\SubiektGT\Order->addPosition: Dodaje pozycje o kodzie: DOSTAWA123
2025-06-01 17:14:09 Line: 301, APISubiektGT\SubiektGT\Order->add: Utworzono zamówienie od klienta: FS 29/2025
2025-06-01 17:14:09 Line: 95, APISubiektGT\SubiektGT\order->add: Request finish: ::1
2025-06-01 17:14:42 Line: 11, : Request start: ::1
2025-06-01 17:14:42 Line: 90, APISubiektGT\SubiektGT\SubiektObj->get: Pobrano dane obiektu id: 101
2025-06-01 17:14:42 Line: 90, APISubiektGT\SubiektGT\SubiektObj->get: Pobrano dane obiektu id: 4
2025-06-01 17:14:42 Line: 73, APISubiektGT\SubiektGT\Order->addPosition: Dodaje pozycje o kodzie: BANAW200
2025-06-01 17:14:43 Line: 90, APISubiektGT\SubiektGT\SubiektObj->get: Pobrano dane obiektu id: 60
2025-06-01 17:14:43 Line: 73, APISubiektGT\SubiektGT\Order->addPosition: Dodaje pozycje o kodzie: DOSTAWA123
2025-06-01 17:14:43 Line: 301, APISubiektGT\SubiektGT\Order->add: Utworzono zamówienie od klienta: PA 29/2025
2025-06-01 17:14:43 Line: 95, APISubiektGT\SubiektGT\order->add: Request finish: ::1
2025-06-01 17:17:39 Line: 11, : Request start: ::1
2025-06-01 17:17:39 Line: 90, APISubiektGT\SubiektGT\SubiektObj->get: Pobrano dane obiektu id: 101
2025-06-01 17:18:27 Line: 11, : Request start: ::1
2025-06-01 17:18:28 Line: 90, APISubiektGT\SubiektGT\SubiektObj->get: Pobrano dane obiektu id: 101
2025-06-01 17:20:00 Line: 11, : Request start: ::1
2025-06-01 17:20:00 Line: 90, APISubiektGT\SubiektGT\SubiektObj->get: Pobrano dane obiektu id: 101
2025-06-01 17:20:00 Line: 90, APISubiektGT\SubiektGT\SubiektObj->get: Pobrano dane obiektu id: 4
2025-06-01 17:21:28 Line: 11, : Request start: ::1
2025-06-01 17:21:28 Line: 90, APISubiektGT\SubiektGT\SubiektObj->get: Pobrano dane obiektu id: 101
2025-06-01 17:21:28 Line: 90, APISubiektGT\SubiektGT\SubiektObj->get: Pobrano dane obiektu id: 4
2025-06-01 17:21:28 Line: 73, APISubiektGT\SubiektGT\Order->addPosition: Dodaje pozycje o kodzie: BANAW200
2025-06-01 17:21:28 Line: 90, APISubiektGT\SubiektGT\SubiektObj->get: Pobrano dane obiektu id: 60
2025-06-01 17:21:29 Line: 73, APISubiektGT\SubiektGT\Order->addPosition: Dodaje pozycje o kodzie: DOSTAWA123
2025-06-01 17:21:29 Line: 306, APISubiektGT\SubiektGT\Order->add: Utworzono zamówienie od klienta: FS 30/2025
2025-06-01 17:21:29 Line: 95, APISubiektGT\SubiektGT\order->add: Request finish: ::1
2025-06-01 17:21:37 Line: 11, : Request start: ::1
2025-06-01 17:21:37 Line: 90, APISubiektGT\SubiektGT\SubiektObj->get: Pobrano dane obiektu id: 101
2025-06-01 17:21:37 Line: 90, APISubiektGT\SubiektGT\SubiektObj->get: Pobrano dane obiektu id: 4
2025-06-01 17:21:37 Line: 73, APISubiektGT\SubiektGT\Order->addPosition: Dodaje pozycje o kodzie: BANAW200
2025-06-01 17:21:37 Line: 90, APISubiektGT\SubiektGT\SubiektObj->get: Pobrano dane obiektu id: 60
2025-06-01 17:21:37 Line: 73, APISubiektGT\SubiektGT\Order->addPosition: Dodaje pozycje o kodzie: DOSTAWA123
2025-06-01 17:21:38 Line: 306, APISubiektGT\SubiektGT\Order->add: Utworzono zamówienie od klienta: PA 30/2025
2025-06-01 17:21:38 Line: 95, APISubiektGT\SubiektGT\order->add: Request finish: ::1
2025-06-01 17:32:29 Line: 11, : Request start: ::1
2025-06-01 17:32:30 Line: 90, APISubiektGT\SubiektGT\SubiektObj->get: Pobrano dane obiektu id: 4
2025-06-01 17:32:30 Line: 73, APISubiektGT\SubiektGT\Order->addPosition: Dodaje pozycje o kodzie: BANAW200
2025-06-01 17:32:30 Line: 90, APISubiektGT\SubiektGT\SubiektObj->get: Pobrano dane obiektu id: 60
2025-06-01 17:32:30 Line: 73, APISubiektGT\SubiektGT\Order->addPosition: Dodaje pozycje o kodzie: DOSTAWA123
2025-06-01 17:32:31 Line: 305, APISubiektGT\SubiektGT\Order->add: Utworzono zamówienie od klienta: PA 31/2025
2025-06-01 17:32:31 Line: 95, APISubiektGT\SubiektGT\order->add: Request finish: ::1
2025-06-01 17:37:31 Line: 11, : Request start: ::1
2025-06-01 17:38:24 Line: 11, : Request start: ::1
2025-06-01 17:42:09 Line: 11, : Request start: ::1
2025-06-01 17:43:52 Line: 11, : Request start: ::1
2025-06-01 17:44:06 Line: 11, : Request start: ::1
2025-06-01 17:44:35 Line: 11, : Request start: ::1
2025-06-01 17:46:44 Line: 11, : Request start: ::1
2025-06-01 17:47:20 Line: 11, : Request start: ::1
2025-06-01 17:49:40 Line: 11, : Request start: ::1
2025-06-01 17:50:31 Line: 11, : Request start: ::1
2025-06-01 17:50:52 Line: 11, : Request start: ::1
2025-06-01 17:51:32 Line: 11, : Request start: ::1
2025-06-01 17:51:58 Line: 11, : Request start: ::1
2025-06-01 17:51:59 Line: 90, APISubiektGT\SubiektGT\SubiektObj->get: Pobrano dane obiektu id: 4
2025-06-01 17:51:59 Line: 73, APISubiektGT\SubiektGT\Order->addPosition: Dodaje pozycje o kodzie: BANAW200
2025-06-01 17:51:59 Line: 90, APISubiektGT\SubiektGT\SubiektObj->get: Pobrano dane obiektu id: 60
2025-06-01 17:51:59 Line: 73, APISubiektGT\SubiektGT\Order->addPosition: Dodaje pozycje o kodzie: DOSTAWA123
2025-06-01 17:52:00 Line: 311, APISubiektGT\SubiektGT\Order->add: Utworzono zamówienie od klienta: FS 31/2025
2025-06-01 17:52:00 Line: 95, APISubiektGT\SubiektGT\order->add: Request finish: ::1
2025-06-01 17:53:25 Line: 11, : Request start: ::1
2025-06-01 17:53:26 Line: 90, APISubiektGT\SubiektGT\SubiektObj->get: Pobrano dane obiektu id: 4
2025-06-01 17:53:26 Line: 73, APISubiektGT\SubiektGT\Order->addPosition: Dodaje pozycje o kodzie: BANAW200
2025-06-01 17:53:26 Line: 90, APISubiektGT\SubiektGT\SubiektObj->get: Pobrano dane obiektu id: 60
2025-06-01 17:53:26 Line: 73, APISubiektGT\SubiektGT\Order->addPosition: Dodaje pozycje o kodzie: DOSTAWA123
2025-06-01 17:55:37 Line: 11, : Request start: ::1
2025-06-01 17:58:54 Line: 11, : Request start: ::1
2025-06-01 17:59:13 Line: 11, : Request start: ::1
2025-06-01 18:01:43 Line: 11, : Request start: ::1
2025-06-01 18:02:04 Line: 11, : Request start: ::1
2025-06-01 18:02:04 Line: 90, APISubiektGT\SubiektGT\SubiektObj->get: Pobrano dane obiektu id: 4
2025-06-01 18:02:04 Line: 73, APISubiektGT\SubiektGT\Order->addPosition: Dodaje pozycje o kodzie: BANAW200
2025-06-01 18:02:05 Line: 90, APISubiektGT\SubiektGT\SubiektObj->get: Pobrano dane obiektu id: 60
2025-06-01 18:02:05 Line: 73, APISubiektGT\SubiektGT\Order->addPosition: Dodaje pozycje o kodzie: DOSTAWA123
2025-06-01 18:02:06 Line: 313, APISubiektGT\SubiektGT\Order->add: Utworzono zamówienie od klienta: FS 32/2025
2025-06-01 18:02:06 Line: 95, APISubiektGT\SubiektGT\order->add: Request finish: ::1
2025-06-01 18:03:26 Line: 11, : Request start: ::1
2025-06-01 18:03:27 Line: 90, APISubiektGT\SubiektGT\SubiektObj->get: Pobrano dane obiektu id: 4
2025-06-01 18:03:27 Line: 73, APISubiektGT\SubiektGT\Order->addPosition: Dodaje pozycje o kodzie: BANAW200
2025-06-01 18:03:27 Line: 90, APISubiektGT\SubiektGT\SubiektObj->get: Pobrano dane obiektu id: 60
2025-06-01 18:03:27 Line: 73, APISubiektGT\SubiektGT\Order->addPosition: Dodaje pozycje o kodzie: DOSTAWA123
2025-06-01 18:07:18 Line: 11, : Request start: ::1
2025-06-01 18:07:19 Line: 90, APISubiektGT\SubiektGT\SubiektObj->get: Pobrano dane obiektu id: 4
2025-06-01 18:07:19 Line: 73, APISubiektGT\SubiektGT\Order->addPosition: Dodaje pozycje o kodzie: BANAW200
2025-06-01 18:07:19 Line: 90, APISubiektGT\SubiektGT\SubiektObj->get: Pobrano dane obiektu id: 60
2025-06-01 18:07:19 Line: 73, APISubiektGT\SubiektGT\Order->addPosition: Dodaje pozycje o kodzie: DOSTAWA123
2025-06-01 18:07:20 Line: 313, APISubiektGT\SubiektGT\Order->add: Utworzono zamówienie od klienta: FS 33/2025
2025-06-01 18:07:20 Line: 95, APISubiektGT\SubiektGT\order->add: Request finish: ::1
2025-06-01 18:08:03 Line: 11, : Request start: ::1
2025-06-01 18:08:04 Line: 90, APISubiektGT\SubiektGT\SubiektObj->get: Pobrano dane obiektu id: 4
2025-06-01 18:08:04 Line: 73, APISubiektGT\SubiektGT\Order->addPosition: Dodaje pozycje o kodzie: BANAW200
2025-06-01 18:08:04 Line: 90, APISubiektGT\SubiektGT\SubiektObj->get: Pobrano dane obiektu id: 60
2025-06-01 18:08:04 Line: 73, APISubiektGT\SubiektGT\Order->addPosition: Dodaje pozycje o kodzie: DOSTAWA123
2025-06-01 18:08:05 Line: 315, APISubiektGT\SubiektGT\Order->add: Utworzono zamówienie od klienta: FS 34/2025
2025-06-01 18:08:05 Line: 95, APISubiektGT\SubiektGT\order->add: Request finish: ::1
2025-06-01 18:09:32 Line: 11, : Request start: ::1
2025-06-01 18:10:17 Line: 11, : Request start: ::1
2025-06-01 18:11:06 Line: 11, : Request start: ::1
2025-06-01 18:11:24 Line: 11, : Request start: ::1
2025-06-01 18:11:24 Line: 90, APISubiektGT\SubiektGT\SubiektObj->get: Pobrano dane obiektu id: 4
2025-06-01 18:11:24 Line: 73, APISubiektGT\SubiektGT\Order->addPosition: Dodaje pozycje o kodzie: BANAW200
2025-06-01 18:11:24 Line: 90, APISubiektGT\SubiektGT\SubiektObj->get: Pobrano dane obiektu id: 60
2025-06-01 18:11:25 Line: 73, APISubiektGT\SubiektGT\Order->addPosition: Dodaje pozycje o kodzie: DOSTAWA123
2025-06-01 18:11:26 Line: 317, APISubiektGT\SubiektGT\Order->add: Utworzono zamówienie od klienta: FS 35/2025
2025-06-01 18:11:26 Line: 95, APISubiektGT\SubiektGT\order->add: Request finish: ::1
2025-06-01 18:11:50 Line: 11, : Request start: ::1
2025-06-01 18:11:51 Line: 90, APISubiektGT\SubiektGT\SubiektObj->get: Pobrano dane obiektu id: 4
2025-06-01 18:11:51 Line: 73, APISubiektGT\SubiektGT\Order->addPosition: Dodaje pozycje o kodzie: BANAW200
2025-06-01 18:11:51 Line: 90, APISubiektGT\SubiektGT\SubiektObj->get: Pobrano dane obiektu id: 60
2025-06-01 18:11:51 Line: 73, APISubiektGT\SubiektGT\Order->addPosition: Dodaje pozycje o kodzie: DOSTAWA123
2025-06-01 18:11:52 Line: 317, APISubiektGT\SubiektGT\Order->add: Utworzono zamówienie od klienta: FS 36/2025
2025-06-01 18:11:52 Line: 95, APISubiektGT\SubiektGT\order->add: Request finish: ::1
2025-06-01 18:12:56 Line: 11, : Request start: ::1
2025-06-01 18:12:56 Line: 90, APISubiektGT\SubiektGT\SubiektObj->get: Pobrano dane obiektu id: 4
2025-06-01 18:12:56 Line: 73, APISubiektGT\SubiektGT\Order->addPosition: Dodaje pozycje o kodzie: BANAW200
2025-06-01 18:12:57 Line: 90, APISubiektGT\SubiektGT\SubiektObj->get: Pobrano dane obiektu id: 60
2025-06-01 18:12:57 Line: 73, APISubiektGT\SubiektGT\Order->addPosition: Dodaje pozycje o kodzie: DOSTAWA123
2025-06-01 18:12:58 Line: 317, APISubiektGT\SubiektGT\Order->add: Utworzono zamówienie od klienta: FS 37/2025
2025-06-01 18:12:58 Line: 95, APISubiektGT\SubiektGT\order->add: Request finish: ::1
2025-06-01 18:14:06 Line: 11, : Request start: ::1
2025-06-01 18:14:15 Line: 11, : Request start: ::1
2025-06-01 18:14:15 Line: 90, APISubiektGT\SubiektGT\SubiektObj->get: Pobrano dane obiektu id: 4
2025-06-01 18:14:16 Line: 73, APISubiektGT\SubiektGT\Order->addPosition: Dodaje pozycje o kodzie: BANAW200
2025-06-01 18:14:16 Line: 90, APISubiektGT\SubiektGT\SubiektObj->get: Pobrano dane obiektu id: 60
2025-06-01 18:14:16 Line: 73, APISubiektGT\SubiektGT\Order->addPosition: Dodaje pozycje o kodzie: DOSTAWA123
2025-06-01 18:14:17 Line: 317, APISubiektGT\SubiektGT\Order->add: Utworzono zamówienie od klienta: FS 38/2025
2025-06-01 18:14:17 Line: 95, APISubiektGT\SubiektGT\order->add: Request finish: ::1
2025-06-01 18:15:38 Line: 11, : Request start: ::1
2025-06-01 18:15:38 Line: 90, APISubiektGT\SubiektGT\SubiektObj->get: Pobrano dane obiektu id: 4
2025-06-01 18:15:39 Line: 73, APISubiektGT\SubiektGT\Order->addPosition: Dodaje pozycje o kodzie: BANAW200
2025-06-01 18:15:39 Line: 90, APISubiektGT\SubiektGT\SubiektObj->get: Pobrano dane obiektu id: 60
2025-06-01 18:15:39 Line: 73, APISubiektGT\SubiektGT\Order->addPosition: Dodaje pozycje o kodzie: DOSTAWA123
2025-06-01 18:15:40 Line: 318, APISubiektGT\SubiektGT\Order->add: Utworzono zamówienie od klienta: FS 39/2025
2025-06-01 18:15:40 Line: 95, APISubiektGT\SubiektGT\order->add: Request finish: ::1
2025-06-01 18:15:45 Line: 11, : Request start: ::1
2025-06-01 18:15:45 Line: 90, APISubiektGT\SubiektGT\SubiektObj->get: Pobrano dane obiektu id: 4
2025-06-01 18:15:45 Line: 73, APISubiektGT\SubiektGT\Order->addPosition: Dodaje pozycje o kodzie: BANAW200
2025-06-01 18:15:45 Line: 90, APISubiektGT\SubiektGT\SubiektObj->get: Pobrano dane obiektu id: 60
2025-06-01 18:15:45 Line: 73, APISubiektGT\SubiektGT\Order->addPosition: Dodaje pozycje o kodzie: DOSTAWA123
2025-06-01 18:15:45 Line: 318, APISubiektGT\SubiektGT\Order->add: Utworzono zamówienie od klienta: PA 32/2025
2025-06-01 18:15:45 Line: 95, APISubiektGT\SubiektGT\order->add: Request finish: ::1
2025-06-01 18:16:44 Line: 11, : Request start: ::1
2025-06-01 18:16:45 Line: 90, APISubiektGT\SubiektGT\SubiektObj->get: Pobrano dane obiektu id: 4
2025-06-01 18:16:45 Line: 73, APISubiektGT\SubiektGT\Order->addPosition: Dodaje pozycje o kodzie: BANAW200
2025-06-01 18:16:45 Line: 90, APISubiektGT\SubiektGT\SubiektObj->get: Pobrano dane obiektu id: 60
2025-06-01 18:16:45 Line: 73, APISubiektGT\SubiektGT\Order->addPosition: Dodaje pozycje o kodzie: DOSTAWA123
2025-06-01 18:16:46 Line: 318, APISubiektGT\SubiektGT\Order->add: Utworzono zamówienie od klienta: PA 33/2025
2025-06-01 18:16:46 Line: 95, APISubiektGT\SubiektGT\order->add: Request finish: ::1
2025-06-01 20:42:49 Line: 11, : Request start: ::1
2025-06-01 20:42:50 Line: 90, APISubiektGT\SubiektGT\SubiektObj->get: Pobrano dane obiektu id: 4
2025-06-01 20:42:50 Line: 73, APISubiektGT\SubiektGT\Order->addPosition: Dodaje pozycje o kodzie: BANAW200
2025-06-01 20:42:50 Line: 90, APISubiektGT\SubiektGT\SubiektObj->get: Pobrano dane obiektu id: 60
2025-06-01 20:42:50 Line: 73, APISubiektGT\SubiektGT\Order->addPosition: Dodaje pozycje o kodzie: DOSTAWA123
2025-06-01 20:42:51 Line: 318, APISubiektGT\SubiektGT\Order->add: Utworzono zamówienie od klienta: PA 34/2025
2025-06-01 20:42:51 Line: 95, APISubiektGT\SubiektGT\order->add: Request finish: ::1
2025-06-01 20:43:13 Line: 11, : Request start: ::1
2025-06-01 20:43:13 Line: 90, APISubiektGT\SubiektGT\SubiektObj->get: Pobrano dane obiektu id: 4
2025-06-01 20:43:14 Line: 73, APISubiektGT\SubiektGT\Order->addPosition: Dodaje pozycje o kodzie: BANAW200
2025-06-01 20:43:14 Line: 90, APISubiektGT\SubiektGT\SubiektObj->get: Pobrano dane obiektu id: 60
2025-06-01 20:43:14 Line: 73, APISubiektGT\SubiektGT\Order->addPosition: Dodaje pozycje o kodzie: DOSTAWA123
2025-06-01 20:43:14 Line: 318, APISubiektGT\SubiektGT\Order->add: Utworzono zamówienie od klienta: PA 35/2025
2025-06-01 20:43:14 Line: 95, APISubiektGT\SubiektGT\order->add: Request finish: ::1
2025-06-01 20:46:17 Line: 11, : Request start: ::1
2025-06-01 20:46:17 Line: 90, APISubiektGT\SubiektGT\SubiektObj->get: Pobrano dane obiektu id: 4
2025-06-01 20:46:17 Line: 73, APISubiektGT\SubiektGT\Order->addPosition: Dodaje pozycje o kodzie: BANAW200
2025-06-01 20:46:17 Line: 90, APISubiektGT\SubiektGT\SubiektObj->get: Pobrano dane obiektu id: 60
2025-06-01 20:46:17 Line: 73, APISubiektGT\SubiektGT\Order->addPosition: Dodaje pozycje o kodzie: DOSTAWA123
2025-06-01 20:46:18 Line: 318, APISubiektGT\SubiektGT\Order->add: Utworzono zamówienie od klienta: PA 36/2025
2025-06-01 20:46:18 Line: 95, APISubiektGT\SubiektGT\order->add: Request finish: ::1
2025-06-01 20:52:24 Line: 11, : Request start: ::1
2025-06-01 20:52:24 Line: 90, APISubiektGT\SubiektGT\SubiektObj->get: Pobrano dane obiektu id: 4
2025-06-01 20:52:24 Line: 73, APISubiektGT\SubiektGT\Order->addPosition: Dodaje pozycje o kodzie: BANAW200
2025-06-01 20:52:24 Line: 90, APISubiektGT\SubiektGT\SubiektObj->get: Pobrano dane obiektu id: 60
2025-06-01 20:52:24 Line: 73, APISubiektGT\SubiektGT\Order->addPosition: Dodaje pozycje o kodzie: DOSTAWA123
2025-06-01 20:52:25 Line: 318, APISubiektGT\SubiektGT\Order->add: Utworzono zamówienie od klienta: PA 37/2025
2025-06-01 20:52:25 Line: 95, APISubiektGT\SubiektGT\order->add: Request finish: ::1
2025-06-01 20:52:29 Line: 11, : Request start: ::1
2025-06-01 20:52:29 Line: 90, APISubiektGT\SubiektGT\SubiektObj->get: Pobrano dane obiektu id: 4
2025-06-01 20:52:29 Line: 73, APISubiektGT\SubiektGT\Order->addPosition: Dodaje pozycje o kodzie: BANAW200
2025-06-01 20:52:29 Line: 90, APISubiektGT\SubiektGT\SubiektObj->get: Pobrano dane obiektu id: 60
2025-06-01 20:52:29 Line: 73, APISubiektGT\SubiektGT\Order->addPosition: Dodaje pozycje o kodzie: DOSTAWA123
2025-06-01 20:52:29 Line: 318, APISubiektGT\SubiektGT\Order->add: Utworzono zamówienie od klienta: PA 38/2025
2025-06-01 20:52:29 Line: 95, APISubiektGT\SubiektGT\order->add: Request finish: ::1
2025-06-01 20:54:17 Line: 11, : Request start: ::1
2025-06-01 20:54:45 Line: 11, : Request start: ::1
2025-06-01 21:01:09 Line: 11, : Request start: 127.0.0.1
2025-06-01 21:03:59 Line: 11, : Request start: 127.0.0.1
2025-06-01 21:06:20 Line: 11, : Request start: 127.0.0.1
2025-06-01 21:07:12 Line: 11, : Request start: 127.0.0.1
2025-06-01 21:07:20 Line: 11, : Request start: 127.0.0.1
2025-06-01 21:11:12 Line: 11, : Request start: 127.0.0.1
2025-06-01 21:11:45 Line: 11, : Request start: 127.0.0.1
2025-06-01 21:12:42 Line: 11, : Request start: 127.0.0.1
2025-06-01 21:21:05 Line: 11, : Request start: 127.0.0.1
2025-06-01 21:27:41 Line: 11, : Request start: 127.0.0.1
2025-06-01 21:27:41 Line: 90, APISubiektGT\SubiektGT\SubiektObj->get: Pobrano dane obiektu id: 4
2025-06-01 21:27:42 Line: 73, APISubiektGT\SubiektGT\Order->addPosition: Dodaje pozycje o kodzie: BANAW200
2025-06-01 21:27:42 Line: 90, APISubiektGT\SubiektGT\SubiektObj->get: Pobrano dane obiektu id: 60
2025-06-01 21:27:42 Line: 73, APISubiektGT\SubiektGT\Order->addPosition: Dodaje pozycje o kodzie: DOSTAWA123
2025-06-01 21:27:43 Line: 318, APISubiektGT\SubiektGT\Order->add: Utworzono zamówienie od klienta: FS 40/2025
2025-06-01 21:27:43 Line: 95, APISubiektGT\SubiektGT\order->add: Request finish: 127.0.0.1
2025-06-01 21:29:14 Line: 11, : Request start: 127.0.0.1
2025-06-01 21:29:15 Line: 90, APISubiektGT\SubiektGT\SubiektObj->get: Pobrano dane obiektu id: 4
2025-06-01 21:29:15 Line: 73, APISubiektGT\SubiektGT\Order->addPosition: Dodaje pozycje o kodzie: BANAW200
2025-06-01 21:29:15 Line: 90, APISubiektGT\SubiektGT\SubiektObj->get: Pobrano dane obiektu id: 60
2025-06-01 21:29:16 Line: 73, APISubiektGT\SubiektGT\Order->addPosition: Dodaje pozycje o kodzie: DOSTAWA123
2025-06-01 21:29:17 Line: 318, APISubiektGT\SubiektGT\Order->add: Utworzono zamówienie od klienta: FS 41/2025
2025-06-01 21:29:17 Line: 95, APISubiektGT\SubiektGT\order->add: Request finish: 127.0.0.1
2025-06-01 21:30:17 Line: 11, : Request start: 127.0.0.1
2025-06-01 21:30:18 Line: 90, APISubiektGT\SubiektGT\SubiektObj->get: Pobrano dane obiektu id: 4
2025-06-01 21:30:18 Line: 73, APISubiektGT\SubiektGT\Order->addPosition: Dodaje pozycje o kodzie: BANAW200
2025-06-01 21:30:18 Line: 90, APISubiektGT\SubiektGT\SubiektObj->get: Pobrano dane obiektu id: 60
2025-06-01 21:30:18 Line: 73, APISubiektGT\SubiektGT\Order->addPosition: Dodaje pozycje o kodzie: DOSTAWA123
2025-06-01 21:30:19 Line: 318, APISubiektGT\SubiektGT\Order->add: Utworzono zamówienie od klienta: PA 39/2025
2025-06-01 21:30:19 Line: 95, APISubiektGT\SubiektGT\order->add: Request finish: 127.0.0.1
2025-06-01 21:40:43 Line: 11, : Request start: 127.0.0.1
2025-06-01 21:41:49 Line: 11, : Request start: 127.0.0.1
2025-06-01 21:41:49 Line: 90, APISubiektGT\SubiektGT\SubiektObj->get: Pobrano dane obiektu id: 4
2025-06-01 21:41:49 Line: 73, APISubiektGT\SubiektGT\Order->addPosition: Dodaje pozycje o kodzie: BANAW200
2025-06-01 21:41:49 Line: 90, APISubiektGT\SubiektGT\SubiektObj->get: Pobrano dane obiektu id: 60
2025-06-01 21:41:50 Line: 73, APISubiektGT\SubiektGT\Order->addPosition: Dodaje pozycje o kodzie: DOSTAWA123
2025-06-01 21:41:50 Line: 318, APISubiektGT\SubiektGT\Order->add: Utworzono zamówienie od klienta: PA 40/2025
2025-06-01 21:41:50 Line: 95, APISubiektGT\SubiektGT\order->add: Request finish: 127.0.0.1
2025-06-01 22:10:01 Line: 11, : Request start: 127.0.0.1
2025-06-01 22:10:01 Line: 90, APISubiektGT\SubiektGT\SubiektObj->get: Pobrano dane obiektu id: 4
2025-06-01 22:10:02 Line: 73, APISubiektGT\SubiektGT\Order->addPosition: Dodaje pozycje o kodzie: BANAW200
2025-06-01 22:10:02 Line: 90, APISubiektGT\SubiektGT\SubiektObj->get: Pobrano dane obiektu id: 60
2025-06-01 22:10:02 Line: 73, APISubiektGT\SubiektGT\Order->addPosition: Dodaje pozycje o kodzie: DOSTAWA123
2025-06-01 22:10:27 Line: 11, : Request start: 127.0.0.1
2025-06-01 22:10:27 Line: 90, APISubiektGT\SubiektGT\SubiektObj->get: Pobrano dane obiektu id: 4
2025-06-01 22:10:27 Line: 73, APISubiektGT\SubiektGT\Order->addPosition: Dodaje pozycje o kodzie: BANAW200
2025-06-01 22:10:27 Line: 90, APISubiektGT\SubiektGT\SubiektObj->get: Pobrano dane obiektu id: 60
2025-06-01 22:10:27 Line: 73, APISubiektGT\SubiektGT\Order->addPosition: Dodaje pozycje o kodzie: DOSTAWA123
2025-06-01 22:12:19 Line: 11, : Request start: 127.0.0.1
2025-06-01 22:12:19 Line: 90, APISubiektGT\SubiektGT\SubiektObj->get: Pobrano dane obiektu id: 4
2025-06-01 22:12:19 Line: 73, APISubiektGT\SubiektGT\Order->addPosition: Dodaje pozycje o kodzie: BANAW200
2025-06-01 22:12:19 Line: 90, APISubiektGT\SubiektGT\SubiektObj->get: Pobrano dane obiektu id: 60
2025-06-01 22:12:20 Line: 73, APISubiektGT\SubiektGT\Order->addPosition: Dodaje pozycje o kodzie: DOSTAWA123
2025-06-01 22:12:20 Line: 318, APISubiektGT\SubiektGT\Order->add: Utworzono zamówienie od klienta: PA 41/2025
2025-06-01 22:12:20 Line: 95, APISubiektGT\SubiektGT\order->add: Request finish: 127.0.0.1
